{"C:/Users/aman.o.srivastava/OneDrive - Impetus/Desktop/POC/project-root/server/index.js": {"path":"C:/Users/aman.o.srivastava/OneDrive - Impetus/Desktop/POC/project-root/server/index.js","statementMap":{"0":{"start":{"line":5,"column":12},"end":{"line":5,"column":21}},"1":{"start":{"line":6,"column":0},"end":{"line":6,"column":16}},"2":{"start":{"line":7,"column":0},"end":{"line":7,"column":24}},"3":{"start":{"line":9,"column":0},"end":{"line":13,"column":3}},"4":{"start":{"line":10,"column":21},"end":{"line":10,"column":71}},"5":{"start":{"line":11,"column":17},"end":{"line":11,"column":37}},"6":{"start":{"line":12,"column":4},"end":{"line":12,"column":19}},"7":{"start":{"line":15,"column":0},"end":{"line":28,"column":3}},"8":{"start":{"line":16,"column":21},"end":{"line":16,"column":71}},"9":{"start":{"line":17,"column":17},"end":{"line":17,"column":37}},"10":{"start":{"line":18,"column":42},"end":{"line":18,"column":50}},"11":{"start":{"line":20,"column":23},"end":{"line":20,"column":37}},"12":{"start":{"line":22,"column":4},"end":{"line":22,"column":79}},"13":{"start":{"line":22,"column":14},"end":{"line":22,"column":79}},"14":{"start":{"line":22,"column":59},"end":{"line":22,"column":77}},"15":{"start":{"line":23,"column":4},"end":{"line":23,"column":85}},"16":{"start":{"line":23,"column":16},"end":{"line":23,"column":85}},"17":{"start":{"line":23,"column":61},"end":{"line":23,"column":83}},"18":{"start":{"line":24,"column":4},"end":{"line":24,"column":88}},"19":{"start":{"line":24,"column":15},"end":{"line":24,"column":88}},"20":{"start":{"line":24,"column":60},"end":{"line":24,"column":86}},"21":{"start":{"line":25,"column":4},"end":{"line":25,"column":85}},"22":{"start":{"line":25,"column":14},"end":{"line":25,"column":85}},"23":{"start":{"line":25,"column":59},"end":{"line":25,"column":83}},"24":{"start":{"line":27,"column":4},"end":{"line":27,"column":27}},"25":{"start":{"line":30,"column":0},"end":{"line":39,"column":3}},"26":{"start":{"line":31,"column":21},"end":{"line":31,"column":71}},"27":{"start":{"line":32,"column":17},"end":{"line":32,"column":37}},"28":{"start":{"line":33,"column":19},"end":{"line":33,"column":27}},"29":{"start":{"line":34,"column":23},"end":{"line":34,"column":75}},"30":{"start":{"line":34,"column":53},"end":{"line":34,"column":74}},"31":{"start":{"line":38,"column":4},"end":{"line":38,"column":25}},"32":{"start":{"line":41,"column":0},"end":{"line":68,"column":3}},"33":{"start":{"line":42,"column":22},"end":{"line":42,"column":30}},"34":{"start":{"line":43,"column":21},"end":{"line":43,"column":43}},"35":{"start":{"line":45,"column":25},"end":{"line":45,"column":27}},"36":{"start":{"line":46,"column":4},"end":{"line":49,"column":5}},"37":{"start":{"line":47,"column":25},"end":{"line":47,"column":58}},"38":{"start":{"line":48,"column":8},"end":{"line":48,"column":46}},"39":{"start":{"line":51,"column":28},"end":{"line":53,"column":5}},"40":{"start":{"line":52,"column":8},"end":{"line":52,"column":77}},"41":{"start":{"line":55,"column":23},"end":{"line":55,"column":40}},"42":{"start":{"line":56,"column":28},"end":{"line":56,"column":52}},"43":{"start":{"line":58,"column":21},"end":{"line":62,"column":5}},"44":{"start":{"line":64,"column":4},"end":{"line":64,"column":34}},"45":{"start":{"line":65,"column":4},"end":{"line":65,"column":72}},"46":{"start":{"line":67,"column":4},"end":{"line":67,"column":108}},"47":{"start":{"line":71,"column":0},"end":{"line":83,"column":3}},"48":{"start":{"line":72,"column":21},"end":{"line":72,"column":43}},"49":{"start":{"line":73,"column":22},"end":{"line":73,"column":30}},"50":{"start":{"line":75,"column":4},"end":{"line":82,"column":5}},"51":{"start":{"line":76,"column":25},"end":{"line":76,"column":58}},"52":{"start":{"line":77,"column":23},"end":{"line":77,"column":43}},"53":{"start":{"line":78,"column":27},"end":{"line":78,"column":77}},"54":{"start":{"line":78,"column":50},"end":{"line":78,"column":76}},"55":{"start":{"line":79,"column":8},"end":{"line":79,"column":29}},"56":{"start":{"line":81,"column":8},"end":{"line":81,"column":21}},"57":{"start":{"line":87,"column":0},"end":{"line":109,"column":3}},"58":{"start":{"line":88,"column":31},"end":{"line":88,"column":39}},"59":{"start":{"line":89,"column":21},"end":{"line":89,"column":46}},"60":{"start":{"line":91,"column":28},"end":{"line":91,"column":30}},"61":{"start":{"line":92,"column":4},"end":{"line":95,"column":5}},"62":{"start":{"line":93,"column":25},"end":{"line":93,"column":58}},"63":{"start":{"line":94,"column":8},"end":{"line":94,"column":49}},"64":{"start":{"line":97,"column":24},"end":{"line":97,"column":80}},"65":{"start":{"line":97,"column":58},"end":{"line":97,"column":79}},"66":{"start":{"line":99,"column":4},"end":{"line":105,"column":5}},"67":{"start":{"line":100,"column":8},"end":{"line":102,"column":9}},"68":{"start":{"line":101,"column":12},"end":{"line":101,"column":50}},"69":{"start":{"line":104,"column":8},"end":{"line":104,"column":64}},"70":{"start":{"line":107,"column":4},"end":{"line":107,"column":75}},"71":{"start":{"line":108,"column":4},"end":{"line":108,"column":57}},"72":{"start":{"line":112,"column":0},"end":{"line":123,"column":3}},"73":{"start":{"line":113,"column":22},"end":{"line":113,"column":30}},"74":{"start":{"line":114,"column":21},"end":{"line":114,"column":46}},"75":{"start":{"line":115,"column":28},"end":{"line":115,"column":30}},"76":{"start":{"line":116,"column":4},"end":{"line":119,"column":5}},"77":{"start":{"line":117,"column":25},"end":{"line":117,"column":58}},"78":{"start":{"line":118,"column":8},"end":{"line":118,"column":49}},"79":{"start":{"line":121,"column":26},"end":{"line":121,"column":82}},"80":{"start":{"line":121,"column":60},"end":{"line":121,"column":81}},"81":{"start":{"line":122,"column":4},"end":{"line":122,"column":59}},"82":{"start":{"line":127,"column":0},"end":{"line":131,"column":1}},"83":{"start":{"line":128,"column":4},"end":{"line":130,"column":7}},"84":{"start":{"line":129,"column":8},"end":{"line":129,"column":51}}},"fnMap":{"0":{"name":"(anonymous_0)","decl":{"start":{"line":9,"column":24},"end":{"line":9,"column":25}},"loc":{"start":{"line":9,"column":38},"end":{"line":13,"column":1}}},"1":{"name":"(anonymous_1)","decl":{"start":{"line":15,"column":33},"end":{"line":15,"column":34}},"loc":{"start":{"line":15,"column":47},"end":{"line":28,"column":1}}},"2":{"name":"(anonymous_2)","decl":{"start":{"line":22,"column":49},"end":{"line":22,"column":50}},"loc":{"start":{"line":22,"column":59},"end":{"line":22,"column":77}}},"3":{"name":"(anonymous_3)","decl":{"start":{"line":23,"column":51},"end":{"line":23,"column":52}},"loc":{"start":{"line":23,"column":61},"end":{"line":23,"column":83}}},"4":{"name":"(anonymous_4)","decl":{"start":{"line":24,"column":50},"end":{"line":24,"column":51}},"loc":{"start":{"line":24,"column":60},"end":{"line":24,"column":86}}},"5":{"name":"(anonymous_5)","decl":{"start":{"line":25,"column":49},"end":{"line":25,"column":50}},"loc":{"start":{"line":25,"column":59},"end":{"line":25,"column":83}}},"6":{"name":"(anonymous_6)","decl":{"start":{"line":30,"column":30},"end":{"line":30,"column":31}},"loc":{"start":{"line":30,"column":44},"end":{"line":39,"column":1}}},"7":{"name":"(anonymous_7)","decl":{"start":{"line":34,"column":43},"end":{"line":34,"column":44}},"loc":{"start":{"line":34,"column":53},"end":{"line":34,"column":74}}},"8":{"name":"(anonymous_8)","decl":{"start":{"line":41,"column":23},"end":{"line":41,"column":24}},"loc":{"start":{"line":41,"column":37},"end":{"line":68,"column":1}}},"9":{"name":"(anonymous_9)","decl":{"start":{"line":51,"column":28},"end":{"line":51,"column":29}},"loc":{"start":{"line":51,"column":34},"end":{"line":53,"column":5}}},"10":{"name":"(anonymous_10)","decl":{"start":{"line":71,"column":23},"end":{"line":71,"column":24}},"loc":{"start":{"line":71,"column":37},"end":{"line":83,"column":1}}},"11":{"name":"(anonymous_11)","decl":{"start":{"line":78,"column":41},"end":{"line":78,"column":46}},"loc":{"start":{"line":78,"column":50},"end":{"line":78,"column":76}}},"12":{"name":"(anonymous_12)","decl":{"start":{"line":87,"column":25},"end":{"line":87,"column":26}},"loc":{"start":{"line":87,"column":39},"end":{"line":109,"column":1}}},"13":{"name":"(anonymous_13)","decl":{"start":{"line":97,"column":47},"end":{"line":97,"column":48}},"loc":{"start":{"line":97,"column":58},"end":{"line":97,"column":79}}},"14":{"name":"(anonymous_14)","decl":{"start":{"line":112,"column":26},"end":{"line":112,"column":27}},"loc":{"start":{"line":112,"column":40},"end":{"line":123,"column":1}}},"15":{"name":"(anonymous_15)","decl":{"start":{"line":121,"column":49},"end":{"line":121,"column":50}},"loc":{"start":{"line":121,"column":60},"end":{"line":121,"column":81}}},"16":{"name":"(anonymous_16)","decl":{"start":{"line":128,"column":21},"end":{"line":128,"column":22}},"loc":{"start":{"line":128,"column":27},"end":{"line":130,"column":5}}}},"branchMap":{"0":{"loc":{"start":{"line":22,"column":4},"end":{"line":22,"column":79}},"type":"if","locations":[{"start":{"line":22,"column":4},"end":{"line":22,"column":79}},{"start":{},"end":{}}]},"1":{"loc":{"start":{"line":23,"column":4},"end":{"line":23,"column":85}},"type":"if","locations":[{"start":{"line":23,"column":4},"end":{"line":23,"column":85}},{"start":{},"end":{}}]},"2":{"loc":{"start":{"line":24,"column":4},"end":{"line":24,"column":88}},"type":"if","locations":[{"start":{"line":24,"column":4},"end":{"line":24,"column":88}},{"start":{},"end":{}}]},"3":{"loc":{"start":{"line":25,"column":4},"end":{"line":25,"column":85}},"type":"if","locations":[{"start":{"line":25,"column":4},"end":{"line":25,"column":85}},{"start":{},"end":{}}]},"4":{"loc":{"start":{"line":46,"column":4},"end":{"line":49,"column":5}},"type":"if","locations":[{"start":{"line":46,"column":4},"end":{"line":49,"column":5}},{"start":{},"end":{}}]},"5":{"loc":{"start":{"line":75,"column":4},"end":{"line":82,"column":5}},"type":"if","locations":[{"start":{"line":75,"column":4},"end":{"line":82,"column":5}},{"start":{"line":80,"column":11},"end":{"line":82,"column":5}}]},"6":{"loc":{"start":{"line":92,"column":4},"end":{"line":95,"column":5}},"type":"if","locations":[{"start":{"line":92,"column":4},"end":{"line":95,"column":5}},{"start":{},"end":{}}]},"7":{"loc":{"start":{"line":99,"column":4},"end":{"line":105,"column":5}},"type":"if","locations":[{"start":{"line":99,"column":4},"end":{"line":105,"column":5}},{"start":{"line":103,"column":11},"end":{"line":105,"column":5}}]},"8":{"loc":{"start":{"line":100,"column":8},"end":{"line":102,"column":9}},"type":"if","locations":[{"start":{"line":100,"column":8},"end":{"line":102,"column":9}},{"start":{},"end":{}}]},"9":{"loc":{"start":{"line":116,"column":4},"end":{"line":119,"column":5}},"type":"if","locations":[{"start":{"line":116,"column":4},"end":{"line":119,"column":5}},{"start":{},"end":{}}]},"10":{"loc":{"start":{"line":122,"column":13},"end":{"line":122,"column":57}},"type":"cond-expr","locations":[{"start":{"line":122,"column":29},"end":{"line":122,"column":52}},{"start":{"line":122,"column":55},"end":{"line":122,"column":57}}]},"11":{"loc":{"start":{"line":127,"column":0},"end":{"line":131,"column":1}},"type":"if","locations":[{"start":{"line":127,"column":0},"end":{"line":131,"column":1}},{"start":{},"end":{}}]}},"s":{"0":1,"1":1,"2":1,"3":1,"4":1,"5":1,"6":1,"7":1,"8":2,"9":2,"10":2,"11":2,"12":2,"13":1,"14":2,"15":2,"16":1,"17":2,"18":2,"19":0,"20":0,"21":2,"22":0,"23":0,"24":2,"25":1,"26":1,"27":1,"28":1,"29":1,"30":1,"31":1,"32":1,"33":0,"34":0,"35":0,"36":0,"37":0,"38":0,"39":0,"40":0,"41":0,"42":0,"43":0,"44":0,"45":0,"46":0,"47":1,"48":0,"49":0,"50":0,"51":0,"52":0,"53":0,"54":0,"55":0,"56":0,"57":1,"58":0,"59":0,"60":0,"61":0,"62":0,"63":0,"64":0,"65":0,"66":0,"67":0,"68":0,"69":0,"70":0,"71":0,"72":1,"73":0,"74":0,"75":0,"76":0,"77":0,"78":0,"79":0,"80":0,"81":0,"82":1,"83":0,"84":0},"f":{"0":1,"1":2,"2":2,"3":2,"4":0,"5":0,"6":1,"7":1,"8":0,"9":0,"10":0,"11":0,"12":0,"13":0,"14":0,"15":0,"16":0},"b":{"0":[1,1],"1":[1,1],"2":[0,2],"3":[0,2],"4":[0,0],"5":[0,0],"6":[0,0],"7":[0,0],"8":[0,0],"9":[0,0],"10":[0,0],"11":[0,1]}}
}
