{"C:/Users/aman.o.srivastava/OneDrive - Impetus/Desktop/POC/project-root/shopping-cart/src/App.jsx": {"path":"C:/Users/aman.o.srivastava/OneDrive - Impetus/Desktop/POC/project-root/shopping-cart/src/App.jsx","statementMap":{"0":{"start":{"line":19,"column":19},"end":{"line":19,"column":null}},"1":{"start":{"line":20,"column":15},"end":{"line":20,"column":null}},"2":{"start":{"line":20,"column":38},"end":{"line":20,"column":53}},"3":{"start":{"line":21,"column":2},"end":{"line":21,"column":null}},"4":{"start":{"line":22,"column":30},"end":{"line":22,"column":null}},"5":{"start":{"line":24,"column":2},"end":{"line":31,"column":null}},"6":{"start":{"line":25,"column":4},"end":{"line":30,"column":null}},"7":{"start":{"line":26,"column":21},"end":{"line":26,"column":31}},"8":{"start":{"line":28,"column":8},"end":{"line":28,"column":null}},"9":{"start":{"line":29,"column":8},"end":{"line":29,"column":null}},"10":{"start":{"line":33,"column":2},"end":{"line":55,"column":null}}},"fnMap":{"0":{"name":"App","decl":{"start":{"line":18,"column":9},"end":{"line":18,"column":15}},"loc":{"start":{"line":18,"column":15},"end":{"line":57,"column":null}}},"1":{"name":"(anonymous_1)","decl":{"start":{"line":20,"column":27},"end":{"line":20,"column":28}},"loc":{"start":{"line":20,"column":38},"end":{"line":20,"column":53}}},"2":{"name":"(anonymous_2)","decl":{"start":{"line":24,"column":12},"end":{"line":24,"column":18}},"loc":{"start":{"line":24,"column":18},"end":{"line":31,"column":5}}},"3":{"name":"(anonymous_3)","decl":{"start":{"line":26,"column":12},"end":{"line":26,"column":13}},"loc":{"start":{"line":26,"column":21},"end":{"line":26,"column":31}}},"4":{"name":"(anonymous_4)","decl":{"start":{"line":27,"column":12},"end":{"line":27,"column":13}},"loc":{"start":{"line":27,"column":22},"end":{"line":30,"column":7}}}},"branchMap":{"0":{"loc":{"start":{"line":20,"column":15},"end":{"line":20,"column":null}},"type":"binary-expr","locations":[{"start":{"line":20,"column":15},"end":{"line":20,"column":58}},{"start":{"line":20,"column":58},"end":{"line":20,"column":null}}]},"1":{"loc":{"start":{"line":35,"column":7},"end":{"line":53,"column":null}},"type":"cond-expr","locations":[{"start":{"line":36,"column":8},"end":{"line":51,"column":null}},{"start":{"line":53,"column":8},"end":{"line":53,"column":null}}]},"2":{"loc":{"start":{"line":46,"column":13},"end":{"line":49,"column":null}},"type":"cond-expr","locations":[{"start":{"line":46,"column":31},"end":{"line":49,"column":19}},{"start":{"line":49,"column":19},"end":{"line":49,"column":null}}]}},"s":{"0":3,"1":3,"2":7,"3":3,"4":3,"5":3,"6":2,"7":2,"8":2,"9":2,"10":3},"f":{"0":3,"1":7,"2":2,"3":2,"4":2},"b":{"0":[3,0],"1":[1,2],"2":[0,1]}}
,"C:/Users/aman.o.srivastava/OneDrive - Impetus/Desktop/POC/project-root/shopping-cart/src/main.jsx": {"path":"C:/Users/aman.o.srivastava/OneDrive - Impetus/Desktop/POC/project-root/shopping-cart/src/main.jsx","statementMap":{"0":{"start":{"line":8,"column":0},"end":{"line":14,"column":null}}},"fnMap":{},"branchMap":{},"s":{"0":0},"f":{},"b":{}}
,"C:/Users/aman.o.srivastava/OneDrive - Impetus/Desktop/POC/project-root/shopping-cart/src/Components/CardItem/CardItem.jsx": {"path":"C:/Users/aman.o.srivastava/OneDrive - Impetus/Desktop/POC/project-root/shopping-cart/src/Components/CardItem/CardItem.jsx","statementMap":{"0":{"start":{"line":18,"column":17},"end":{"line":85,"column":null}},"1":{"start":{"line":19,"column":19},"end":{"line":19,"column":null}},"2":{"start":{"line":20,"column":19},"end":{"line":20,"column":null}},"3":{"start":{"line":20,"column":42},"end":{"line":20,"column":61}},"4":{"start":{"line":21,"column":23},"end":{"line":21,"column":null}},"5":{"start":{"line":21,"column":47},"end":{"line":21,"column":61}},"6":{"start":{"line":22,"column":38},"end":{"line":22,"column":null}},"7":{"start":{"line":26,"column":31},"end":{"line":40,"column":null}},"8":{"start":{"line":27,"column":4},"end":{"line":38,"column":null}},"9":{"start":{"line":28,"column":6},"end":{"line":28,"column":null}},"10":{"start":{"line":30,"column":6},"end":{"line":37,"column":null}},"11":{"start":{"line":39,"column":4},"end":{"line":39,"column":null}},"12":{"start":{"line":42,"column":2},"end":{"line":83,"column":null}},"13":{"start":{"line":44,"column":43},"end":{"line":44,"column":71}},"14":{"start":{"line":57,"column":12},"end":{"line":61,"column":null}},"15":{"start":{"line":68,"column":25},"end":{"line":75,"column":null}},"16":{"start":{"line":87,"column":0},"end":{"line":95,"column":null}}},"fnMap":{"0":{"name":"(anonymous_0)","decl":{"start":{"line":18,"column":17},"end":{"line":18,"column":18}},"loc":{"start":{"line":18,"column":71},"end":{"line":85,"column":null}}},"1":{"name":"(anonymous_1)","decl":{"start":{"line":20,"column":31},"end":{"line":20,"column":32}},"loc":{"start":{"line":20,"column":42},"end":{"line":20,"column":61}}},"2":{"name":"(anonymous_2)","decl":{"start":{"line":21,"column":37},"end":{"line":21,"column":38}},"loc":{"start":{"line":21,"column":47},"end":{"line":21,"column":61}}},"3":{"name":"(anonymous_3)","decl":{"start":{"line":26,"column":31},"end":{"line":26,"column":37}},"loc":{"start":{"line":26,"column":37},"end":{"line":40,"column":null}}},"4":{"name":"(anonymous_4)","decl":{"start":{"line":44,"column":35},"end":{"line":44,"column":41}},"loc":{"start":{"line":44,"column":41},"end":{"line":44,"column":null}}},"5":{"name":"(anonymous_5)","decl":{"start":{"line":56,"column":23},"end":{"line":56,"column":24}},"loc":{"start":{"line":57,"column":12},"end":{"line":61,"column":null}}},"6":{"name":"(anonymous_6)","decl":{"start":{"line":68,"column":19},"end":{"line":68,"column":25}},"loc":{"start":{"line":68,"column":25},"end":{"line":75,"column":null}}}},"branchMap":{"0":{"loc":{"start":{"line":27,"column":4},"end":{"line":38,"column":null}},"type":"if","locations":[{"start":{"line":27,"column":4},"end":{"line":38,"column":null}},{"start":{"line":29,"column":11},"end":{"line":38,"column":null}}]},"1":{"loc":{"start":{"line":79,"column":85},"end":{"line":79,"column":114}},"type":"cond-expr","locations":[{"start":{"line":79,"column":98},"end":{"line":79,"column":106}},{"start":{"line":79,"column":106},"end":{"line":79,"column":114}}]}},"s":{"0":1,"1":13,"2":13,"3":24,"4":13,"5":0,"6":13,"7":13,"8":0,"9":0,"10":0,"11":0,"12":13,"13":0,"14":26,"15":0,"16":1},"f":{"0":13,"1":24,"2":0,"3":0,"4":0,"5":26,"6":0},"b":{"0":[0,0],"1":[0,13]}}
,"C:/Users/aman.o.srivastava/OneDrive - Impetus/Desktop/POC/project-root/shopping-cart/src/Components/Cart/Cart.jsx": {"path":"C:/Users/aman.o.srivastava/OneDrive - Impetus/Desktop/POC/project-root/shopping-cart/src/Components/Cart/Cart.jsx","statementMap":{"0":{"start":{"line":3,"column":13},"end":{"line":5,"column":null}},"1":{"start":{"line":4,"column":2},"end":{"line":4,"column":null}}},"fnMap":{"0":{"name":"(anonymous_0)","decl":{"start":{"line":3,"column":13},"end":{"line":3,"column":19}},"loc":{"start":{"line":3,"column":19},"end":{"line":5,"column":null}}}},"branchMap":{},"s":{"0":1,"1":0},"f":{"0":0},"b":{}}
,"C:/Users/aman.o.srivastava/OneDrive - Impetus/Desktop/POC/project-root/shopping-cart/src/Components/CartList/CartList.jsx": {"path":"C:/Users/aman.o.srivastava/OneDrive - Impetus/Desktop/POC/project-root/shopping-cart/src/Components/CartList/CartList.jsx","statementMap":{"0":{"start":{"line":9,"column":17},"end":{"line":109,"column":null}},"1":{"start":{"line":10,"column":15},"end":{"line":10,"column":null}},"2":{"start":{"line":10,"column":38},"end":{"line":10,"column":58}},"3":{"start":{"line":11,"column":19},"end":{"line":11,"column":null}},"4":{"start":{"line":12,"column":19},"end":{"line":12,"column":null}},"5":{"start":{"line":13,"column":15},"end":{"line":13,"column":null}},"6":{"start":{"line":13,"column":38},"end":{"line":13,"column":53}},"7":{"start":{"line":14,"column":23},"end":{"line":14,"column":null}},"8":{"start":{"line":15,"column":21},"end":{"line":15,"column":null}},"9":{"start":{"line":15,"column":44},"end":{"line":15,"column":65}},"10":{"start":{"line":17,"column":23},"end":{"line":23,"column":null}},"11":{"start":{"line":18,"column":4},"end":{"line":22,"column":null}},"12":{"start":{"line":19,"column":6},"end":{"line":19,"column":null}},"13":{"start":{"line":21,"column":6},"end":{"line":21,"column":null}},"14":{"start":{"line":25,"column":2},"end":{"line":107,"column":null}},"15":{"start":{"line":36,"column":14},"end":{"line":81,"column":null}},"16":{"start":{"line":51,"column":43},"end":{"line":51,"column":null}},"17":{"start":{"line":61,"column":43},"end":{"line":61,"column":null}},"18":{"start":{"line":76,"column":35},"end":{"line":76,"column":null}},"19":{"start":{"line":89,"column":20},"end":{"line":94,"column":null}},"20":{"start":{"line":90,"column":22},"end":{"line":90,"column":null}},"21":{"start":{"line":92,"column":22},"end":{"line":92,"column":null}},"22":{"start":{"line":93,"column":22},"end":{"line":93,"column":null}},"23":{"start":{"line":111,"column":0},"end":{"line":113,"column":null}}},"fnMap":{"0":{"name":"(anonymous_0)","decl":{"start":{"line":9,"column":17},"end":{"line":9,"column":18}},"loc":{"start":{"line":9,"column":35},"end":{"line":109,"column":null}}},"1":{"name":"(anonymous_1)","decl":{"start":{"line":10,"column":27},"end":{"line":10,"column":28}},"loc":{"start":{"line":10,"column":38},"end":{"line":10,"column":58}}},"2":{"name":"(anonymous_2)","decl":{"start":{"line":13,"column":27},"end":{"line":13,"column":28}},"loc":{"start":{"line":13,"column":38},"end":{"line":13,"column":53}}},"3":{"name":"(anonymous_3)","decl":{"start":{"line":15,"column":33},"end":{"line":15,"column":34}},"loc":{"start":{"line":15,"column":44},"end":{"line":15,"column":65}}},"4":{"name":"(anonymous_4)","decl":{"start":{"line":17,"column":23},"end":{"line":17,"column":24}},"loc":{"start":{"line":17,"column":33},"end":{"line":23,"column":null}}},"5":{"name":"(anonymous_5)","decl":{"start":{"line":35,"column":22},"end":{"line":35,"column":23}},"loc":{"start":{"line":36,"column":14},"end":{"line":81,"column":null}}},"6":{"name":"(anonymous_6)","decl":{"start":{"line":51,"column":37},"end":{"line":51,"column":43}},"loc":{"start":{"line":51,"column":43},"end":{"line":51,"column":null}}},"7":{"name":"(anonymous_7)","decl":{"start":{"line":61,"column":37},"end":{"line":61,"column":43}},"loc":{"start":{"line":61,"column":43},"end":{"line":61,"column":null}}},"8":{"name":"(anonymous_8)","decl":{"start":{"line":76,"column":29},"end":{"line":76,"column":35}},"loc":{"start":{"line":76,"column":35},"end":{"line":76,"column":null}}},"9":{"name":"(anonymous_9)","decl":{"start":{"line":88,"column":48},"end":{"line":88,"column":54}},"loc":{"start":{"line":88,"column":54},"end":{"line":95,"column":21}}}},"branchMap":{"0":{"loc":{"start":{"line":18,"column":4},"end":{"line":22,"column":null}},"type":"if","locations":[{"start":{"line":18,"column":4},"end":{"line":22,"column":null}},{"start":{"line":20,"column":11},"end":{"line":22,"column":null}}]},"1":{"loc":{"start":{"line":31,"column":11},"end":{"line":31,"column":null}},"type":"cond-expr","locations":[{"start":{"line":31,"column":37},"end":{"line":31,"column":55}},{"start":{"line":31,"column":55},"end":{"line":31,"column":null}}]},"2":{"loc":{"start":{"line":33,"column":9},"end":{"line":104,"column":null}},"type":"cond-expr","locations":[{"start":{"line":34,"column":10},"end":{"line":99,"column":null}},{"start":{"line":101,"column":10},"end":{"line":104,"column":null}}]},"3":{"loc":{"start":{"line":42,"column":21},"end":{"line":66,"column":null}},"type":"binary-expr","locations":[{"start":{"line":42,"column":21},"end":{"line":42,"column":null}},{"start":{"line":43,"column":22},"end":{"line":66,"column":null}}]},"4":{"loc":{"start":{"line":70,"column":49},"end":{"line":70,"column":94}},"type":"cond-expr","locations":[{"start":{"line":70,"column":75},"end":{"line":70,"column":88}},{"start":{"line":70,"column":88},"end":{"line":70,"column":94}}]},"5":{"loc":{"start":{"line":83,"column":13},"end":{"line":97,"column":null}},"type":"binary-expr","locations":[{"start":{"line":83,"column":13},"end":{"line":83,"column":null}},{"start":{"line":84,"column":14},"end":{"line":97,"column":null}}]},"6":{"loc":{"start":{"line":89,"column":20},"end":{"line":94,"column":null}},"type":"if","locations":[{"start":{"line":89,"column":20},"end":{"line":94,"column":null}},{"start":{"line":91,"column":27},"end":{"line":94,"column":null}}]},"7":{"loc":{"start":{"line":102,"column":48},"end":{"line":102,"column":125}},"type":"cond-expr","locations":[{"start":{"line":102,"column":74},"end":{"line":102,"column":103}},{"start":{"line":102,"column":103},"end":{"line":102,"column":125}}]},"8":{"loc":{"start":{"line":103,"column":36},"end":{"line":103,"column":144}},"type":"cond-expr","locations":[{"start":{"line":103,"column":62},"end":{"line":103,"column":110}},{"start":{"line":103,"column":110},"end":{"line":103,"column":144}}]}},"s":{"0":1,"1":0,"2":0,"3":0,"4":0,"5":0,"6":0,"7":0,"8":0,"9":0,"10":0,"11":0,"12":0,"13":0,"14":0,"15":0,"16":0,"17":0,"18":0,"19":0,"20":0,"21":0,"22":0,"23":1},"f":{"0":0,"1":0,"2":0,"3":0,"4":0,"5":0,"6":0,"7":0,"8":0,"9":0},"b":{"0":[0,0],"1":[0,0],"2":[0,0],"3":[0,0],"4":[0,0],"5":[0,0],"6":[0,0],"7":[0,0],"8":[0,0]}}
,"C:/Users/aman.o.srivastava/OneDrive - Impetus/Desktop/POC/project-root/shopping-cart/src/Components/Checkout/Checkout.jsx": {"path":"C:/Users/aman.o.srivastava/OneDrive - Impetus/Desktop/POC/project-root/shopping-cart/src/Components/Checkout/Checkout.jsx","statementMap":{"0":{"start":{"line":9,"column":17},"end":{"line":189,"column":null}},"1":{"start":{"line":10,"column":20},"end":{"line":10,"column":null}},"2":{"start":{"line":10,"column":43},"end":{"line":10,"column":58}},"3":{"start":{"line":11,"column":15},"end":{"line":11,"column":null}},"4":{"start":{"line":11,"column":38},"end":{"line":11,"column":53}},"5":{"start":{"line":12,"column":21},"end":{"line":12,"column":null}},"6":{"start":{"line":12,"column":44},"end":{"line":12,"column":65}},"7":{"start":{"line":13,"column":19},"end":{"line":13,"column":null}},"8":{"start":{"line":14,"column":19},"end":{"line":14,"column":null}},"9":{"start":{"line":16,"column":32},"end":{"line":20,"column":null}},"10":{"start":{"line":21,"column":46},"end":{"line":21,"column":null}},"11":{"start":{"line":23,"column":2},"end":{"line":34,"column":null}},"12":{"start":{"line":24,"column":4},"end":{"line":33,"column":null}},"13":{"start":{"line":25,"column":6},"end":{"line":32,"column":null}},"14":{"start":{"line":30,"column":23},"end":{"line":30,"column":33}},"15":{"start":{"line":31,"column":24},"end":{"line":31,"column":47}},"16":{"start":{"line":32,"column":24},"end":{"line":32,"column":71}},"17":{"start":{"line":36,"column":28},"end":{"line":38,"column":null}},"18":{"start":{"line":37,"column":4},"end":{"line":37,"column":null}},"19":{"start":{"line":40,"column":22},"end":{"line":96,"column":null}},"20":{"start":{"line":41,"column":4},"end":{"line":44,"column":null}},"21":{"start":{"line":42,"column":6},"end":{"line":42,"column":null}},"22":{"start":{"line":43,"column":6},"end":{"line":43,"column":null}},"23":{"start":{"line":46,"column":4},"end":{"line":95,"column":null}},"24":{"start":{"line":47,"column":24},"end":{"line":56,"column":null}},"25":{"start":{"line":58,"column":6},"end":{"line":92,"column":null}},"26":{"start":{"line":60,"column":25},"end":{"line":66,"column":null}},"27":{"start":{"line":68,"column":21},"end":{"line":68,"column":null}},"28":{"start":{"line":69,"column":8},"end":{"line":69,"column":null}},"29":{"start":{"line":71,"column":28},"end":{"line":75,"column":null}},"30":{"start":{"line":78,"column":8},"end":{"line":85,"column":null}},"31":{"start":{"line":87,"column":8},"end":{"line":87,"column":null}},"32":{"start":{"line":88,"column":8},"end":{"line":88,"column":null}},"33":{"start":{"line":89,"column":8},"end":{"line":89,"column":null}},"34":{"start":{"line":91,"column":8},"end":{"line":91,"column":null}},"35":{"start":{"line":94,"column":6},"end":{"line":94,"column":null}},"36":{"start":{"line":98,"column":30},"end":{"line":100,"column":null}},"37":{"start":{"line":99,"column":4},"end":{"line":99,"column":null}},"38":{"start":{"line":102,"column":2},"end":{"line":187,"column":null}},"39":{"start":{"line":114,"column":14},"end":{"line":122,"column":null}},"40":{"start":{"line":162,"column":16},"end":{"line":164,"column":null}}},"fnMap":{"0":{"name":"(anonymous_0)","decl":{"start":{"line":9,"column":17},"end":{"line":9,"column":23}},"loc":{"start":{"line":9,"column":23},"end":{"line":189,"column":null}}},"1":{"name":"(anonymous_1)","decl":{"start":{"line":10,"column":32},"end":{"line":10,"column":33}},"loc":{"start":{"line":10,"column":43},"end":{"line":10,"column":58}}},"2":{"name":"(anonymous_2)","decl":{"start":{"line":11,"column":27},"end":{"line":11,"column":28}},"loc":{"start":{"line":11,"column":38},"end":{"line":11,"column":53}}},"3":{"name":"(anonymous_3)","decl":{"start":{"line":12,"column":33},"end":{"line":12,"column":34}},"loc":{"start":{"line":12,"column":44},"end":{"line":12,"column":65}}},"4":{"name":"(anonymous_4)","decl":{"start":{"line":23,"column":12},"end":{"line":23,"column":18}},"loc":{"start":{"line":23,"column":18},"end":{"line":34,"column":5}}},"5":{"name":"(anonymous_5)","decl":{"start":{"line":30,"column":14},"end":{"line":30,"column":15}},"loc":{"start":{"line":30,"column":23},"end":{"line":30,"column":33}}},"6":{"name":"(anonymous_6)","decl":{"start":{"line":31,"column":14},"end":{"line":31,"column":15}},"loc":{"start":{"line":31,"column":24},"end":{"line":31,"column":47}}},"7":{"name":"(anonymous_7)","decl":{"start":{"line":32,"column":15},"end":{"line":32,"column":16}},"loc":{"start":{"line":32,"column":24},"end":{"line":32,"column":71}}},"8":{"name":"(anonymous_8)","decl":{"start":{"line":36,"column":28},"end":{"line":36,"column":29}},"loc":{"start":{"line":36,"column":35},"end":{"line":38,"column":null}}},"9":{"name":"(anonymous_9)","decl":{"start":{"line":40,"column":22},"end":{"line":40,"column":34}},"loc":{"start":{"line":40,"column":34},"end":{"line":96,"column":null}}},"10":{"name":"(anonymous_10)","decl":{"start":{"line":98,"column":30},"end":{"line":98,"column":31}},"loc":{"start":{"line":98,"column":37},"end":{"line":100,"column":null}}},"11":{"name":"(anonymous_11)","decl":{"start":{"line":113,"column":26},"end":{"line":113,"column":27}},"loc":{"start":{"line":114,"column":14},"end":{"line":122,"column":null}}},"12":{"name":"(anonymous_12)","decl":{"start":{"line":161,"column":34},"end":{"line":161,"column":35}},"loc":{"start":{"line":162,"column":16},"end":{"line":164,"column":null}}}},"branchMap":{"0":{"loc":{"start":{"line":24,"column":4},"end":{"line":33,"column":null}},"type":"if","locations":[{"start":{"line":24,"column":4},"end":{"line":33,"column":null}},{"start":{},"end":{}}]},"1":{"loc":{"start":{"line":41,"column":4},"end":{"line":44,"column":null}},"type":"if","locations":[{"start":{"line":41,"column":4},"end":{"line":44,"column":null}},{"start":{},"end":{}}]},"2":{"loc":{"start":{"line":41,"column":8},"end":{"line":41,"column":61}},"type":"binary-expr","locations":[{"start":{"line":41,"column":8},"end":{"line":41,"column":25}},{"start":{"line":41,"column":25},"end":{"line":41,"column":43}},{"start":{"line":41,"column":43},"end":{"line":41,"column":61}}]},"3":{"loc":{"start":{"line":46,"column":4},"end":{"line":95,"column":null}},"type":"if","locations":[{"start":{"line":46,"column":4},"end":{"line":95,"column":null}},{"start":{"line":93,"column":11},"end":{"line":95,"column":null}}]},"4":{"loc":{"start":{"line":112,"column":11},"end":{"line":125,"column":null}},"type":"cond-expr","locations":[{"start":{"line":113,"column":12},"end":{"line":123,"column":null}},{"start":{"line":125,"column":12},"end":{"line":125,"column":null}}]}},"s":{"0":1,"1":0,"2":0,"3":0,"4":0,"5":0,"6":0,"7":0,"8":0,"9":0,"10":0,"11":0,"12":0,"13":0,"14":0,"15":0,"16":0,"17":0,"18":0,"19":0,"20":0,"21":0,"22":0,"23":0,"24":0,"25":0,"26":0,"27":0,"28":0,"29":0,"30":0,"31":0,"32":0,"33":0,"34":0,"35":0,"36":0,"37":0,"38":0,"39":0,"40":0},"f":{"0":0,"1":0,"2":0,"3":0,"4":0,"5":0,"6":0,"7":0,"8":0,"9":0,"10":0,"11":0,"12":0},"b":{"0":[0,0],"1":[0,0],"2":[0,0,0],"3":[0,0],"4":[0,0]}}
,"C:/Users/aman.o.srivastava/OneDrive - Impetus/Desktop/POC/project-root/shopping-cart/src/Components/FilteredProducts/FilteredProducts.jsx": {"path":"C:/Users/aman.o.srivastava/OneDrive - Impetus/Desktop/POC/project-root/shopping-cart/src/Components/FilteredProducts/FilteredProducts.jsx","statementMap":{"0":{"start":{"line":15,"column":25},"end":{"line":156,"column":null}},"1":{"start":{"line":16,"column":19},"end":{"line":16,"column":null}},"2":{"start":{"line":17,"column":19},"end":{"line":17,"column":null}},"3":{"start":{"line":18,"column":19},"end":{"line":18,"column":null}},"4":{"start":{"line":19,"column":22},"end":{"line":19,"column":null}},"5":{"start":{"line":20,"column":19},"end":{"line":20,"column":null}},"6":{"start":{"line":22,"column":24},"end":{"line":22,"column":null}},"7":{"start":{"line":23,"column":23},"end":{"line":25,"column":null}},"8":{"start":{"line":26,"column":22},"end":{"line":26,"column":null}},"9":{"start":{"line":28,"column":46},"end":{"line":28,"column":null}},"10":{"start":{"line":29,"column":44},"end":{"line":29,"column":null}},"11":{"start":{"line":30,"column":42},"end":{"line":30,"column":null}},"12":{"start":{"line":32,"column":24},"end":{"line":40,"column":null}},"13":{"start":{"line":33,"column":22},"end":{"line":33,"column":null}},"14":{"start":{"line":34,"column":4},"end":{"line":38,"column":null}},"15":{"start":{"line":35,"column":6},"end":{"line":35,"column":null}},"16":{"start":{"line":37,"column":6},"end":{"line":37,"column":null}},"17":{"start":{"line":39,"column":4},"end":{"line":39,"column":null}},"18":{"start":{"line":42,"column":2},"end":{"line":46,"column":null}},"19":{"start":{"line":43,"column":4},"end":{"line":43,"column":null}},"20":{"start":{"line":44,"column":4},"end":{"line":44,"column":null}},"21":{"start":{"line":45,"column":4},"end":{"line":45,"column":null}},"22":{"start":{"line":48,"column":2},"end":{"line":154,"column":null}},"23":{"start":{"line":65,"column":14},"end":{"line":67,"column":null}},"24":{"start":{"line":65,"column":51},"end":{"line":65,"column":null}},"25":{"start":{"line":86,"column":14},"end":{"line":88,"column":null}},"26":{"start":{"line":86,"column":75},"end":{"line":86,"column":null}},"27":{"start":{"line":108,"column":14},"end":{"line":110,"column":null}},"28":{"start":{"line":108,"column":51},"end":{"line":108,"column":null}},"29":{"start":{"line":122,"column":12},"end":{"line":122,"column":null}},"30":{"start":{"line":123,"column":12},"end":{"line":134,"column":null}},"31":{"start":{"line":130,"column":34},"end":{"line":130,"column":49}},"32":{"start":{"line":132,"column":16},"end":{"line":132,"column":null}},"33":{"start":{"line":134,"column":32},"end":{"line":134,"column":80}},"34":{"start":{"line":143,"column":10},"end":{"line":151,"column":null}},"35":{"start":{"line":158,"column":0},"end":{"line":160,"column":null}}},"fnMap":{"0":{"name":"(anonymous_0)","decl":{"start":{"line":15,"column":25},"end":{"line":15,"column":26}},"loc":{"start":{"line":15,"column":43},"end":{"line":156,"column":null}}},"1":{"name":"(anonymous_1)","decl":{"start":{"line":32,"column":24},"end":{"line":32,"column":25}},"loc":{"start":{"line":32,"column":47},"end":{"line":40,"column":null}}},"2":{"name":"(anonymous_2)","decl":{"start":{"line":42,"column":12},"end":{"line":42,"column":18}},"loc":{"start":{"line":42,"column":18},"end":{"line":46,"column":5}}},"3":{"name":"(anonymous_3)","decl":{"start":{"line":64,"column":31},"end":{"line":64,"column":32}},"loc":{"start":{"line":65,"column":14},"end":{"line":67,"column":null}}},"4":{"name":"(anonymous_4)","decl":{"start":{"line":65,"column":45},"end":{"line":65,"column":51}},"loc":{"start":{"line":65,"column":51},"end":{"line":65,"column":null}}},"5":{"name":"(anonymous_5)","decl":{"start":{"line":85,"column":30},"end":{"line":85,"column":31}},"loc":{"start":{"line":86,"column":14},"end":{"line":88,"column":null}}},"6":{"name":"(anonymous_6)","decl":{"start":{"line":86,"column":69},"end":{"line":86,"column":75}},"loc":{"start":{"line":86,"column":75},"end":{"line":86,"column":null}}},"7":{"name":"(anonymous_7)","decl":{"start":{"line":107,"column":29},"end":{"line":107,"column":30}},"loc":{"start":{"line":108,"column":14},"end":{"line":110,"column":null}}},"8":{"name":"(anonymous_8)","decl":{"start":{"line":108,"column":45},"end":{"line":108,"column":51}},"loc":{"start":{"line":108,"column":51},"end":{"line":108,"column":null}}},"9":{"name":"(anonymous_9)","decl":{"start":{"line":121,"column":19},"end":{"line":121,"column":25}},"loc":{"start":{"line":121,"column":25},"end":{"line":135,"column":null}}},"10":{"name":"(anonymous_10)","decl":{"start":{"line":130,"column":20},"end":{"line":130,"column":21}},"loc":{"start":{"line":130,"column":34},"end":{"line":130,"column":49}}},"11":{"name":"(anonymous_11)","decl":{"start":{"line":131,"column":20},"end":{"line":131,"column":21}},"loc":{"start":{"line":131,"column":30},"end":{"line":133,"column":15}}},"12":{"name":"(anonymous_12)","decl":{"start":{"line":134,"column":21},"end":{"line":134,"column":22}},"loc":{"start":{"line":134,"column":32},"end":{"line":134,"column":80}}},"13":{"name":"(anonymous_13)","decl":{"start":{"line":142,"column":22},"end":{"line":142,"column":23}},"loc":{"start":{"line":143,"column":10},"end":{"line":151,"column":null}}}},"branchMap":{"0":{"loc":{"start":{"line":28,"column":55},"end":{"line":28,"column":99}},"type":"binary-expr","locations":[{"start":{"line":28,"column":55},"end":{"line":28,"column":84}},{"start":{"line":28,"column":84},"end":{"line":28,"column":99}}]},"1":{"loc":{"start":{"line":29,"column":53},"end":{"line":29,"column":97}},"type":"binary-expr","locations":[{"start":{"line":29,"column":53},"end":{"line":29,"column":81}},{"start":{"line":29,"column":81},"end":{"line":29,"column":97}}]},"2":{"loc":{"start":{"line":30,"column":51},"end":{"line":30,"column":93}},"type":"binary-expr","locations":[{"start":{"line":30,"column":51},"end":{"line":30,"column":78}},{"start":{"line":30,"column":78},"end":{"line":30,"column":93}}]},"3":{"loc":{"start":{"line":34,"column":4},"end":{"line":38,"column":null}},"type":"if","locations":[{"start":{"line":34,"column":4},"end":{"line":38,"column":null}},{"start":{"line":36,"column":11},"end":{"line":38,"column":null}}]},"4":{"loc":{"start":{"line":43,"column":22},"end":{"line":43,"column":66}},"type":"binary-expr","locations":[{"start":{"line":43,"column":22},"end":{"line":43,"column":51}},{"start":{"line":43,"column":51},"end":{"line":43,"column":66}}]},"5":{"loc":{"start":{"line":44,"column":21},"end":{"line":44,"column":65}},"type":"binary-expr","locations":[{"start":{"line":44,"column":21},"end":{"line":44,"column":49}},{"start":{"line":44,"column":49},"end":{"line":44,"column":65}}]},"6":{"loc":{"start":{"line":45,"column":20},"end":{"line":45,"column":62}},"type":"binary-expr","locations":[{"start":{"line":45,"column":20},"end":{"line":45,"column":47}},{"start":{"line":45,"column":47},"end":{"line":45,"column":62}}]}},"s":{"0":1,"1":0,"2":0,"3":0,"4":0,"5":0,"6":0,"7":0,"8":0,"9":0,"10":0,"11":0,"12":0,"13":0,"14":0,"15":0,"16":0,"17":0,"18":0,"19":0,"20":0,"21":0,"22":0,"23":0,"24":0,"25":0,"26":0,"27":0,"28":0,"29":0,"30":0,"31":0,"32":0,"33":0,"34":0,"35":1},"f":{"0":0,"1":0,"2":0,"3":0,"4":0,"5":0,"6":0,"7":0,"8":0,"9":0,"10":0,"11":0,"12":0,"13":0},"b":{"0":[0,0],"1":[0,0],"2":[0,0],"3":[0,0],"4":[0,0],"5":[0,0],"6":[0,0]}}
,"C:/Users/aman.o.srivastava/OneDrive - Impetus/Desktop/POC/project-root/shopping-cart/src/Components/FilteredProducts/ProductCard.jsx": {"path":"C:/Users/aman.o.srivastava/OneDrive - Impetus/Desktop/POC/project-root/shopping-cart/src/Components/FilteredProducts/ProductCard.jsx","statementMap":{"0":{"start":{"line":4,"column":20},"end":{"line":17,"column":null}},"1":{"start":{"line":6,"column":2},"end":{"line":15,"column":null}},"2":{"start":{"line":19,"column":0},"end":{"line":26,"column":null}}},"fnMap":{"0":{"name":"(anonymous_0)","decl":{"start":{"line":4,"column":20},"end":{"line":4,"column":21}},"loc":{"start":{"line":4,"column":64},"end":{"line":17,"column":null}}}},"branchMap":{},"s":{"0":1,"1":0,"2":1},"f":{"0":0},"b":{}}
,"C:/Users/aman.o.srivastava/OneDrive - Impetus/Desktop/POC/project-root/shopping-cart/src/Components/FilteredProducts/SingleProduct.jsx": {"path":"C:/Users/aman.o.srivastava/OneDrive - Impetus/Desktop/POC/project-root/shopping-cart/src/Components/FilteredProducts/SingleProduct.jsx","statementMap":{"0":{"start":{"line":9,"column":22},"end":{"line":110,"column":null}},"1":{"start":{"line":10,"column":28},"end":{"line":10,"column":null}},"2":{"start":{"line":11,"column":15},"end":{"line":11,"column":null}},"3":{"start":{"line":11,"column":38},"end":{"line":11,"column":66}},"4":{"start":{"line":12,"column":17},"end":{"line":12,"column":null}},"5":{"start":{"line":13,"column":17},"end":{"line":13,"column":null}},"6":{"start":{"line":14,"column":19},"end":{"line":14,"column":null}},"7":{"start":{"line":15,"column":19},"end":{"line":15,"column":null}},"8":{"start":{"line":17,"column":2},"end":{"line":28,"column":null}},"9":{"start":{"line":18,"column":4},"end":{"line":27,"column":null}},"10":{"start":{"line":22,"column":21},"end":{"line":22,"column":31}},"11":{"start":{"line":23,"column":6},"end":{"line":23,"column":null}},"12":{"start":{"line":25,"column":6},"end":{"line":25,"column":null}},"13":{"start":{"line":26,"column":6},"end":{"line":26,"column":null}},"14":{"start":{"line":30,"column":2},"end":{"line":34,"column":null}},"15":{"start":{"line":31,"column":4},"end":{"line":33,"column":null}},"16":{"start":{"line":32,"column":6},"end":{"line":32,"column":null}},"17":{"start":{"line":36,"column":2},"end":{"line":108,"column":null}},"18":{"start":{"line":72,"column":20},"end":{"line":76,"column":null}},"19":{"start":{"line":92,"column":33},"end":{"line":99,"column":null}}},"fnMap":{"0":{"name":"(anonymous_0)","decl":{"start":{"line":9,"column":22},"end":{"line":9,"column":28}},"loc":{"start":{"line":9,"column":28},"end":{"line":110,"column":null}}},"1":{"name":"(anonymous_1)","decl":{"start":{"line":11,"column":27},"end":{"line":11,"column":28}},"loc":{"start":{"line":11,"column":38},"end":{"line":11,"column":66}}},"2":{"name":"(anonymous_2)","decl":{"start":{"line":17,"column":12},"end":{"line":17,"column":18}},"loc":{"start":{"line":17,"column":18},"end":{"line":28,"column":5}}},"3":{"name":"(anonymous_3)","decl":{"start":{"line":22,"column":12},"end":{"line":22,"column":13}},"loc":{"start":{"line":22,"column":21},"end":{"line":22,"column":31}}},"4":{"name":"(anonymous_4)","decl":{"start":{"line":22,"column":38},"end":{"line":22,"column":39}},"loc":{"start":{"line":22,"column":48},"end":{"line":24,"column":5}}},"5":{"name":"(anonymous_5)","decl":{"start":{"line":24,"column":13},"end":{"line":24,"column":14}},"loc":{"start":{"line":24,"column":22},"end":{"line":27,"column":5}}},"6":{"name":"(anonymous_6)","decl":{"start":{"line":30,"column":12},"end":{"line":30,"column":18}},"loc":{"start":{"line":30,"column":18},"end":{"line":34,"column":5}}},"7":{"name":"(anonymous_7)","decl":{"start":{"line":71,"column":30},"end":{"line":71,"column":31}},"loc":{"start":{"line":72,"column":20},"end":{"line":76,"column":null}}},"8":{"name":"(anonymous_8)","decl":{"start":{"line":92,"column":27},"end":{"line":92,"column":33}},"loc":{"start":{"line":92,"column":33},"end":{"line":99,"column":null}}}},"branchMap":{"0":{"loc":{"start":{"line":31,"column":4},"end":{"line":33,"column":null}},"type":"if","locations":[{"start":{"line":31,"column":4},"end":{"line":33,"column":null}},{"start":{},"end":{}}]},"1":{"loc":{"start":{"line":69,"column":15},"end":{"line":80,"column":null}},"type":"cond-expr","locations":[{"start":{"line":70,"column":16},"end":{"line":78,"column":null}},{"start":{"line":80,"column":16},"end":{"line":80,"column":null}}]}},"s":{"0":2,"1":6,"2":6,"3":12,"4":6,"5":6,"6":6,"7":6,"8":6,"9":6,"10":6,"11":6,"12":0,"13":0,"14":6,"15":6,"16":0,"17":6,"18":12,"19":1},"f":{"0":6,"1":12,"2":6,"3":6,"4":6,"5":0,"6":6,"7":12,"8":1},"b":{"0":[0,6],"1":[6,0]}}
,"C:/Users/aman.o.srivastava/OneDrive - Impetus/Desktop/POC/project-root/shopping-cart/src/Components/Home/Home.jsx": {"path":"C:/Users/aman.o.srivastava/OneDrive - Impetus/Desktop/POC/project-root/shopping-cart/src/Components/Home/Home.jsx","statementMap":{"0":{"start":{"line":11,"column":13},"end":{"line":79,"column":null}},"1":{"start":{"line":12,"column":19},"end":{"line":12,"column":null}},"2":{"start":{"line":13,"column":19},"end":{"line":13,"column":null}},"3":{"start":{"line":14,"column":19},"end":{"line":14,"column":null}},"4":{"start":{"line":15,"column":19},"end":{"line":15,"column":null}},"5":{"start":{"line":17,"column":19},"end":{"line":17,"column":null}},"6":{"start":{"line":17,"column":42},"end":{"line":17,"column":73}},"7":{"start":{"line":18,"column":20},"end":{"line":18,"column":null}},"8":{"start":{"line":18,"column":43},"end":{"line":18,"column":76}},"9":{"start":{"line":19,"column":16},"end":{"line":19,"column":null}},"10":{"start":{"line":19,"column":39},"end":{"line":19,"column":59}},"11":{"start":{"line":21,"column":20},"end":{"line":21,"column":null}},"12":{"start":{"line":24,"column":22},"end":{"line":24,"column":null}},"13":{"start":{"line":25,"column":17},"end":{"line":25,"column":null}},"14":{"start":{"line":26,"column":16},"end":{"line":26,"column":null}},"15":{"start":{"line":27,"column":15},"end":{"line":27,"column":null}},"16":{"start":{"line":29,"column":2},"end":{"line":65,"column":null}},"17":{"start":{"line":30,"column":4},"end":{"line":33,"column":null}},"18":{"start":{"line":31,"column":6},"end":{"line":31,"column":null}},"19":{"start":{"line":32,"column":6},"end":{"line":32,"column":null}},"20":{"start":{"line":35,"column":20},"end":{"line":35,"column":null}},"21":{"start":{"line":37,"column":4},"end":{"line":64,"column":null}},"22":{"start":{"line":38,"column":6},"end":{"line":38,"column":null}},"23":{"start":{"line":39,"column":4},"end":{"line":64,"column":null}},"24":{"start":{"line":41,"column":6},"end":{"line":41,"column":null}},"25":{"start":{"line":43,"column":24},"end":{"line":61,"column":null}},"26":{"start":{"line":44,"column":8},"end":{"line":60,"column":null}},"27":{"start":{"line":45,"column":27},"end":{"line":49,"column":null}},"28":{"start":{"line":51,"column":10},"end":{"line":53,"column":null}},"29":{"start":{"line":52,"column":12},"end":{"line":52,"column":null}},"30":{"start":{"line":55,"column":23},"end":{"line":55,"column":null}},"31":{"start":{"line":56,"column":10},"end":{"line":56,"column":null}},"32":{"start":{"line":57,"column":10},"end":{"line":57,"column":null}},"33":{"start":{"line":59,"column":10},"end":{"line":59,"column":null}},"34":{"start":{"line":63,"column":6},"end":{"line":63,"column":null}},"35":{"start":{"line":67,"column":2},"end":{"line":77,"column":null}}},"fnMap":{"0":{"name":"(anonymous_0)","decl":{"start":{"line":11,"column":13},"end":{"line":11,"column":19}},"loc":{"start":{"line":11,"column":19},"end":{"line":79,"column":null}}},"1":{"name":"(anonymous_1)","decl":{"start":{"line":17,"column":31},"end":{"line":17,"column":32}},"loc":{"start":{"line":17,"column":42},"end":{"line":17,"column":73}}},"2":{"name":"(anonymous_2)","decl":{"start":{"line":18,"column":32},"end":{"line":18,"column":33}},"loc":{"start":{"line":18,"column":43},"end":{"line":18,"column":76}}},"3":{"name":"(anonymous_3)","decl":{"start":{"line":19,"column":28},"end":{"line":19,"column":29}},"loc":{"start":{"line":19,"column":39},"end":{"line":19,"column":59}}},"4":{"name":"(anonymous_4)","decl":{"start":{"line":29,"column":12},"end":{"line":29,"column":18}},"loc":{"start":{"line":29,"column":18},"end":{"line":65,"column":5}}},"5":{"name":"(anonymous_5)","decl":{"start":{"line":43,"column":24},"end":{"line":43,"column":36}},"loc":{"start":{"line":43,"column":36},"end":{"line":61,"column":null}}}},"branchMap":{"0":{"loc":{"start":{"line":21,"column":20},"end":{"line":21,"column":null}},"type":"cond-expr","locations":[{"start":{"line":21,"column":27},"end":{"line":21,"column":74}},{"start":{"line":21,"column":74},"end":{"line":21,"column":null}}]},"1":{"loc":{"start":{"line":30,"column":4},"end":{"line":33,"column":null}},"type":"if","locations":[{"start":{"line":30,"column":4},"end":{"line":33,"column":null}},{"start":{},"end":{}}]},"2":{"loc":{"start":{"line":37,"column":4},"end":{"line":64,"column":null}},"type":"if","locations":[{"start":{"line":37,"column":4},"end":{"line":64,"column":null}},{"start":{"line":39,"column":4},"end":{"line":64,"column":null}}]},"3":{"loc":{"start":{"line":39,"column":4},"end":{"line":64,"column":null}},"type":"if","locations":[{"start":{"line":39,"column":4},"end":{"line":64,"column":null}},{"start":{"line":42,"column":11},"end":{"line":64,"column":null}}]},"4":{"loc":{"start":{"line":40,"column":13},"end":{"line":40,"column":61}},"type":"binary-expr","locations":[{"start":{"line":40,"column":13},"end":{"line":40,"column":33}},{"start":{"line":40,"column":33},"end":{"line":40,"column":44}},{"start":{"line":40,"column":44},"end":{"line":40,"column":54}},{"start":{"line":40,"column":54},"end":{"line":40,"column":61}}]},"5":{"loc":{"start":{"line":51,"column":10},"end":{"line":53,"column":null}},"type":"if","locations":[{"start":{"line":51,"column":10},"end":{"line":53,"column":null}},{"start":{},"end":{}}]},"6":{"loc":{"start":{"line":72,"column":7},"end":{"line":75,"column":null}},"type":"cond-expr","locations":[{"start":{"line":73,"column":8},"end":{"line":73,"column":null}},{"start":{"line":75,"column":8},"end":{"line":75,"column":null}}]}},"s":{"0":1,"1":4,"2":4,"3":4,"4":4,"5":4,"6":6,"7":4,"8":6,"9":4,"10":6,"11":4,"12":4,"13":4,"14":4,"15":4,"16":4,"17":1,"18":1,"19":1,"20":0,"21":0,"22":0,"23":0,"24":0,"25":0,"26":0,"27":0,"28":0,"29":0,"30":0,"31":0,"32":0,"33":0,"34":0,"35":4},"f":{"0":4,"1":6,"2":6,"3":6,"4":1,"5":0},"b":{"0":[0,4],"1":[1,0],"2":[0,0],"3":[0,0],"4":[0,0,0,0],"5":[0,0],"6":[4,0]}}
,"C:/Users/aman.o.srivastava/OneDrive - Impetus/Desktop/POC/project-root/shopping-cart/src/Components/Login/Login.jsx": {"path":"C:/Users/aman.o.srivastava/OneDrive - Impetus/Desktop/POC/project-root/shopping-cart/src/Components/Login/Login.jsx","statementMap":{"0":{"start":{"line":15,"column":14},"end":{"line":247,"column":null}},"1":{"start":{"line":16,"column":19},"end":{"line":16,"column":null}},"2":{"start":{"line":17,"column":19},"end":{"line":17,"column":null}},"3":{"start":{"line":18,"column":30},"end":{"line":18,"column":null}},"4":{"start":{"line":19,"column":30},"end":{"line":19,"column":null}},"5":{"start":{"line":20,"column":36},"end":{"line":20,"column":null}},"6":{"start":{"line":22,"column":19},"end":{"line":28,"column":null}},"7":{"start":{"line":23,"column":28},"end":{"line":23,"column":null}},"8":{"start":{"line":24,"column":4},"end":{"line":24,"column":null}},"9":{"start":{"line":25,"column":4},"end":{"line":27,"column":null}},"10":{"start":{"line":26,"column":6},"end":{"line":26,"column":null}},"11":{"start":{"line":30,"column":15},"end":{"line":30,"column":null}},"12":{"start":{"line":30,"column":38},"end":{"line":30,"column":53}},"13":{"start":{"line":31,"column":23},"end":{"line":31,"column":null}},"14":{"start":{"line":33,"column":2},"end":{"line":37,"column":null}},"15":{"start":{"line":34,"column":4},"end":{"line":36,"column":null}},"16":{"start":{"line":35,"column":6},"end":{"line":35,"column":null}},"17":{"start":{"line":39,"column":24},"end":{"line":50,"column":null}},"18":{"start":{"line":40,"column":18},"end":{"line":40,"column":null}},"19":{"start":{"line":41,"column":4},"end":{"line":41,"column":null}},"20":{"start":{"line":41,"column":16},"end":{"line":41,"column":null}},"21":{"start":{"line":43,"column":4},"end":{"line":43,"column":null}},"22":{"start":{"line":44,"column":24},"end":{"line":44,"column":null}},"23":{"start":{"line":46,"column":4},"end":{"line":49,"column":null}},"24":{"start":{"line":52,"column":22},"end":{"line":54,"column":null}},"25":{"start":{"line":53,"column":4},"end":{"line":53,"column":null}},"26":{"start":{"line":56,"column":23},"end":{"line":72,"column":null}},"27":{"start":{"line":57,"column":18},"end":{"line":57,"column":null}},"28":{"start":{"line":58,"column":22},"end":{"line":58,"column":null}},"29":{"start":{"line":60,"column":4},"end":{"line":63,"column":null}},"30":{"start":{"line":61,"column":6},"end":{"line":61,"column":null}},"31":{"start":{"line":62,"column":6},"end":{"line":62,"column":null}},"32":{"start":{"line":65,"column":4},"end":{"line":68,"column":null}},"33":{"start":{"line":66,"column":6},"end":{"line":66,"column":null}},"34":{"start":{"line":67,"column":6},"end":{"line":67,"column":null}},"35":{"start":{"line":70,"column":4},"end":{"line":70,"column":null}},"36":{"start":{"line":71,"column":4},"end":{"line":71,"column":null}},"37":{"start":{"line":74,"column":23},"end":{"line":92,"column":null}},"38":{"start":{"line":75,"column":6},"end":{"line":75,"column":null}},"39":{"start":{"line":77,"column":6},"end":{"line":79,"column":null}},"40":{"start":{"line":78,"column":8},"end":{"line":78,"column":null}},"41":{"start":{"line":81,"column":6},"end":{"line":81,"column":null}},"42":{"start":{"line":82,"column":6},"end":{"line":82,"column":null}},"43":{"start":{"line":86,"column":6},"end":{"line":91,"column":null}},"44":{"start":{"line":88,"column":8},"end":{"line":90,"column":null}},"45":{"start":{"line":89,"column":10},"end":{"line":89,"column":null}},"46":{"start":{"line":94,"column":2},"end":{"line":103,"column":null}},"47":{"start":{"line":95,"column":4},"end":{"line":101,"column":null}},"48":{"start":{"line":105,"column":2},"end":{"line":245,"column":null}}},"fnMap":{"0":{"name":"(anonymous_0)","decl":{"start":{"line":15,"column":14},"end":{"line":15,"column":20}},"loc":{"start":{"line":15,"column":20},"end":{"line":247,"column":null}}},"1":{"name":"(anonymous_1)","decl":{"start":{"line":22,"column":19},"end":{"line":22,"column":20}},"loc":{"start":{"line":22,"column":26},"end":{"line":28,"column":null}}},"2":{"name":"(anonymous_2)","decl":{"start":{"line":30,"column":27},"end":{"line":30,"column":28}},"loc":{"start":{"line":30,"column":38},"end":{"line":30,"column":53}}},"3":{"name":"(anonymous_3)","decl":{"start":{"line":33,"column":12},"end":{"line":33,"column":18}},"loc":{"start":{"line":33,"column":18},"end":{"line":37,"column":5}}},"4":{"name":"(anonymous_4)","decl":{"start":{"line":39,"column":24},"end":{"line":39,"column":25}},"loc":{"start":{"line":39,"column":48},"end":{"line":50,"column":null}}},"5":{"name":"(anonymous_5)","decl":{"start":{"line":52,"column":22},"end":{"line":52,"column":28}},"loc":{"start":{"line":52,"column":28},"end":{"line":54,"column":null}}},"6":{"name":"(anonymous_6)","decl":{"start":{"line":56,"column":23},"end":{"line":56,"column":29}},"loc":{"start":{"line":56,"column":29},"end":{"line":72,"column":null}}},"7":{"name":"(anonymous_7)","decl":{"start":{"line":74,"column":23},"end":{"line":74,"column":24}},"loc":{"start":{"line":74,"column":30},"end":{"line":92,"column":null}}},"8":{"name":"(anonymous_8)","decl":{"start":{"line":86,"column":17},"end":{"line":86,"column":23}},"loc":{"start":{"line":86,"column":23},"end":{"line":91,"column":9}}}},"branchMap":{"0":{"loc":{"start":{"line":25,"column":4},"end":{"line":27,"column":null}},"type":"if","locations":[{"start":{"line":25,"column":4},"end":{"line":27,"column":null}},{"start":{},"end":{}}]},"1":{"loc":{"start":{"line":34,"column":4},"end":{"line":36,"column":null}},"type":"if","locations":[{"start":{"line":34,"column":4},"end":{"line":36,"column":null}},{"start":{},"end":{}}]},"2":{"loc":{"start":{"line":41,"column":4},"end":{"line":41,"column":null}},"type":"if","locations":[{"start":{"line":41,"column":4},"end":{"line":41,"column":null}},{"start":{},"end":{}}]},"3":{"loc":{"start":{"line":60,"column":4},"end":{"line":63,"column":null}},"type":"if","locations":[{"start":{"line":60,"column":4},"end":{"line":63,"column":null}},{"start":{},"end":{}}]},"4":{"loc":{"start":{"line":65,"column":4},"end":{"line":68,"column":null}},"type":"if","locations":[{"start":{"line":65,"column":4},"end":{"line":68,"column":null}},{"start":{},"end":{}}]},"5":{"loc":{"start":{"line":77,"column":6},"end":{"line":79,"column":null}},"type":"if","locations":[{"start":{"line":77,"column":6},"end":{"line":79,"column":null}},{"start":{},"end":{}}]},"6":{"loc":{"start":{"line":88,"column":8},"end":{"line":90,"column":null}},"type":"if","locations":[{"start":{"line":88,"column":8},"end":{"line":90,"column":null}},{"start":{},"end":{}}]},"7":{"loc":{"start":{"line":94,"column":2},"end":{"line":103,"column":null}},"type":"if","locations":[{"start":{"line":94,"column":2},"end":{"line":103,"column":null}},{"start":{},"end":{}}]},"8":{"loc":{"start":{"line":131,"column":60},"end":{"line":131,"column":110}},"type":"cond-expr","locations":[{"start":{"line":131,"column":74},"end":{"line":131,"column":93}},{"start":{"line":131,"column":93},"end":{"line":131,"column":110}}]},"9":{"loc":{"start":{"line":147,"column":17},"end":{"line":150,"column":null}},"type":"binary-expr","locations":[{"start":{"line":147,"column":17},"end":{"line":147,"column":null}},{"start":{"line":148,"column":18},"end":{"line":150,"column":null}}]},"10":{"loc":{"start":{"line":156,"column":60},"end":{"line":156,"column":114}},"type":"cond-expr","locations":[{"start":{"line":156,"column":78},"end":{"line":156,"column":97}},{"start":{"line":156,"column":97},"end":{"line":156,"column":114}}]},"11":{"loc":{"start":{"line":172,"column":17},"end":{"line":175,"column":null}},"type":"binary-expr","locations":[{"start":{"line":172,"column":17},"end":{"line":172,"column":null}},{"start":{"line":173,"column":18},"end":{"line":175,"column":null}}]},"12":{"loc":{"start":{"line":202,"column":15},"end":{"line":208,"column":null}},"type":"cond-expr","locations":[{"start":{"line":203,"column":16},"end":{"line":206,"column":null}},{"start":{"line":208,"column":16},"end":{"line":208,"column":null}}]}},"s":{"0":1,"1":0,"2":0,"3":0,"4":0,"5":0,"6":0,"7":0,"8":0,"9":0,"10":0,"11":0,"12":0,"13":0,"14":0,"15":0,"16":0,"17":0,"18":0,"19":0,"20":0,"21":0,"22":0,"23":0,"24":0,"25":0,"26":0,"27":0,"28":0,"29":0,"30":0,"31":0,"32":0,"33":0,"34":0,"35":0,"36":0,"37":0,"38":0,"39":0,"40":0,"41":0,"42":0,"43":0,"44":0,"45":0,"46":0,"47":0,"48":0},"f":{"0":0,"1":0,"2":0,"3":0,"4":0,"5":0,"6":0,"7":0,"8":0},"b":{"0":[0,0],"1":[0,0],"2":[0,0],"3":[0,0],"4":[0,0],"5":[0,0],"6":[0,0],"7":[0,0],"8":[0,0],"9":[0,0],"10":[0,0],"11":[0,0],"12":[0,0]}}
,"C:/Users/aman.o.srivastava/OneDrive - Impetus/Desktop/POC/project-root/shopping-cart/src/Components/Login/SessionTimeout.jsx": {"path":"C:/Users/aman.o.srivastava/OneDrive - Impetus/Desktop/POC/project-root/shopping-cart/src/Components/Login/SessionTimeout.jsx","statementMap":{"0":{"start":{"line":6,"column":23},"end":{"line":44,"column":null}},"1":{"start":{"line":7,"column":21},"end":{"line":7,"column":null}},"2":{"start":{"line":8,"column":21},"end":{"line":8,"column":null}},"3":{"start":{"line":9,"column":17},"end":{"line":9,"column":null}},"4":{"start":{"line":9,"column":40},"end":{"line":9,"column":55}},"5":{"start":{"line":10,"column":44},"end":{"line":10,"column":null}},"6":{"start":{"line":12,"column":4},"end":{"line":41,"column":null}},"7":{"start":{"line":13,"column":8},"end":{"line":40,"column":null}},"8":{"start":{"line":14,"column":33},"end":{"line":36,"column":null}},"9":{"start":{"line":15,"column":31},"end":{"line":15,"column":null}},"10":{"start":{"line":16,"column":16},"end":{"line":35,"column":null}},"11":{"start":{"line":17,"column":42},"end":{"line":17,"column":null}},"12":{"start":{"line":19,"column":20},"end":{"line":29,"column":null}},"13":{"start":{"line":20,"column":24},"end":{"line":20,"column":null}},"14":{"start":{"line":21,"column":24},"end":{"line":28,"column":null}},"15":{"start":{"line":22,"column":46},"end":{"line":22,"column":null}},"16":{"start":{"line":23,"column":28},"end":{"line":23,"column":null}},"17":{"start":{"line":24,"column":28},"end":{"line":24,"column":null}},"18":{"start":{"line":26,"column":28},"end":{"line":26,"column":null}},"19":{"start":{"line":27,"column":28},"end":{"line":27,"column":null}},"20":{"start":{"line":31,"column":20},"end":{"line":34,"column":null}},"21":{"start":{"line":32,"column":24},"end":{"line":32,"column":null}},"22":{"start":{"line":33,"column":24},"end":{"line":33,"column":null}},"23":{"start":{"line":38,"column":29},"end":{"line":38,"column":null}},"24":{"start":{"line":39,"column":12},"end":{"line":39,"column":null}},"25":{"start":{"line":39,"column":25},"end":{"line":39,"column":null}},"26":{"start":{"line":43,"column":4},"end":{"line":43,"column":null}}},"fnMap":{"0":{"name":"(anonymous_0)","decl":{"start":{"line":6,"column":23},"end":{"line":6,"column":29}},"loc":{"start":{"line":6,"column":29},"end":{"line":44,"column":null}}},"1":{"name":"(anonymous_1)","decl":{"start":{"line":9,"column":29},"end":{"line":9,"column":30}},"loc":{"start":{"line":9,"column":40},"end":{"line":9,"column":55}}},"2":{"name":"(anonymous_2)","decl":{"start":{"line":12,"column":14},"end":{"line":12,"column":20}},"loc":{"start":{"line":12,"column":20},"end":{"line":41,"column":7}}},"3":{"name":"(anonymous_3)","decl":{"start":{"line":14,"column":33},"end":{"line":14,"column":39}},"loc":{"start":{"line":14,"column":39},"end":{"line":36,"column":null}}},"4":{"name":"(anonymous_4)","decl":{"start":{"line":39,"column":19},"end":{"line":39,"column":25}},"loc":{"start":{"line":39,"column":25},"end":{"line":39,"column":null}}}},"branchMap":{"0":{"loc":{"start":{"line":13,"column":8},"end":{"line":40,"column":null}},"type":"if","locations":[{"start":{"line":13,"column":8},"end":{"line":40,"column":null}},{"start":{},"end":{}}]},"1":{"loc":{"start":{"line":16,"column":16},"end":{"line":35,"column":null}},"type":"if","locations":[{"start":{"line":16,"column":16},"end":{"line":35,"column":null}},{"start":{},"end":{}}]},"2":{"loc":{"start":{"line":19,"column":20},"end":{"line":29,"column":null}},"type":"if","locations":[{"start":{"line":19,"column":20},"end":{"line":29,"column":null}},{"start":{},"end":{}}]},"3":{"loc":{"start":{"line":19,"column":24},"end":{"line":19,"column":65}},"type":"binary-expr","locations":[{"start":{"line":19,"column":24},"end":{"line":19,"column":50}},{"start":{"line":19,"column":50},"end":{"line":19,"column":65}}]},"4":{"loc":{"start":{"line":21,"column":24},"end":{"line":28,"column":null}},"type":"if","locations":[{"start":{"line":21,"column":24},"end":{"line":28,"column":null}},{"start":{"line":25,"column":31},"end":{"line":28,"column":null}}]},"5":{"loc":{"start":{"line":31,"column":20},"end":{"line":34,"column":null}},"type":"if","locations":[{"start":{"line":31,"column":20},"end":{"line":34,"column":null}},{"start":{},"end":{}}]}},"s":{"0":1,"1":3,"2":3,"3":3,"4":5,"5":3,"6":3,"7":1,"8":0,"9":0,"10":0,"11":0,"12":0,"13":0,"14":0,"15":0,"16":0,"17":0,"18":0,"19":0,"20":0,"21":0,"22":0,"23":0,"24":0,"25":0,"26":3},"f":{"0":3,"1":5,"2":1,"3":0,"4":0},"b":{"0":[0,1],"1":[0,0],"2":[0,0],"3":[0,0],"4":[0,0],"5":[0,0]}}
,"C:/Users/aman.o.srivastava/OneDrive - Impetus/Desktop/POC/project-root/shopping-cart/src/Components/Navbar/Navbar.jsx": {"path":"C:/Users/aman.o.srivastava/OneDrive - Impetus/Desktop/POC/project-root/shopping-cart/src/Components/Navbar/Navbar.jsx","statementMap":{"0":{"start":{"line":8,"column":15},"end":{"line":157,"column":null}},"1":{"start":{"line":9,"column":19},"end":{"line":9,"column":null}},"2":{"start":{"line":10,"column":19},"end":{"line":10,"column":null}},"3":{"start":{"line":11,"column":19},"end":{"line":11,"column":null}},"4":{"start":{"line":12,"column":20},"end":{"line":12,"column":null}},"5":{"start":{"line":12,"column":43},"end":{"line":12,"column":58}},"6":{"start":{"line":13,"column":32},"end":{"line":13,"column":null}},"7":{"start":{"line":13,"column":55},"end":{"line":13,"column":87}},"8":{"start":{"line":14,"column":15},"end":{"line":14,"column":null}},"9":{"start":{"line":14,"column":38},"end":{"line":14,"column":53}},"10":{"start":{"line":15,"column":36},"end":{"line":15,"column":null}},"11":{"start":{"line":16,"column":44},"end":{"line":16,"column":null}},"12":{"start":{"line":17,"column":21},"end":{"line":17,"column":null}},"13":{"start":{"line":20,"column":19},"end":{"line":20,"column":null}},"14":{"start":{"line":20,"column":29},"end":{"line":20,"column":null}},"15":{"start":{"line":23,"column":2},"end":{"line":34,"column":null}},"16":{"start":{"line":24,"column":31},"end":{"line":28,"column":null}},"17":{"start":{"line":25,"column":6},"end":{"line":27,"column":null}},"18":{"start":{"line":26,"column":8},"end":{"line":26,"column":null}},"19":{"start":{"line":30,"column":4},"end":{"line":30,"column":null}},"20":{"start":{"line":31,"column":4},"end":{"line":33,"column":null}},"21":{"start":{"line":32,"column":6},"end":{"line":32,"column":null}},"22":{"start":{"line":36,"column":2},"end":{"line":155,"column":null}},"23":{"start":{"line":47,"column":25},"end":{"line":47,"column":null}},"24":{"start":{"line":60,"column":29},"end":{"line":60,"column":null}},"25":{"start":{"line":70,"column":29},"end":{"line":70,"column":null}},"26":{"start":{"line":81,"column":31},"end":{"line":81,"column":null}},"27":{"start":{"line":93,"column":29},"end":{"line":93,"column":null}},"28":{"start":{"line":114,"column":24},"end":{"line":114,"column":null}},"29":{"start":{"line":115,"column":24},"end":{"line":115,"column":null}},"30":{"start":{"line":124,"column":24},"end":{"line":124,"column":null}},"31":{"start":{"line":125,"column":24},"end":{"line":125,"column":null}},"32":{"start":{"line":126,"column":24},"end":{"line":126,"column":null}},"33":{"start":{"line":127,"column":24},"end":{"line":127,"column":null}},"34":{"start":{"line":128,"column":24},"end":{"line":128,"column":null}},"35":{"start":{"line":142,"column":22},"end":{"line":142,"column":null}},"36":{"start":{"line":143,"column":22},"end":{"line":143,"column":null}}},"fnMap":{"0":{"name":"(anonymous_0)","decl":{"start":{"line":8,"column":15},"end":{"line":8,"column":21}},"loc":{"start":{"line":8,"column":21},"end":{"line":157,"column":null}}},"1":{"name":"(anonymous_1)","decl":{"start":{"line":12,"column":32},"end":{"line":12,"column":33}},"loc":{"start":{"line":12,"column":43},"end":{"line":12,"column":58}}},"2":{"name":"(anonymous_2)","decl":{"start":{"line":13,"column":44},"end":{"line":13,"column":45}},"loc":{"start":{"line":13,"column":55},"end":{"line":13,"column":87}}},"3":{"name":"(anonymous_3)","decl":{"start":{"line":14,"column":27},"end":{"line":14,"column":28}},"loc":{"start":{"line":14,"column":38},"end":{"line":14,"column":53}}},"4":{"name":"(anonymous_4)","decl":{"start":{"line":20,"column":19},"end":{"line":20,"column":20}},"loc":{"start":{"line":20,"column":29},"end":{"line":20,"column":null}}},"5":{"name":"(anonymous_5)","decl":{"start":{"line":23,"column":12},"end":{"line":23,"column":18}},"loc":{"start":{"line":23,"column":18},"end":{"line":34,"column":5}}},"6":{"name":"(anonymous_6)","decl":{"start":{"line":24,"column":31},"end":{"line":24,"column":32}},"loc":{"start":{"line":24,"column":42},"end":{"line":28,"column":null}}},"7":{"name":"(anonymous_7)","decl":{"start":{"line":31,"column":11},"end":{"line":31,"column":17}},"loc":{"start":{"line":31,"column":17},"end":{"line":33,"column":null}}},"8":{"name":"(anonymous_8)","decl":{"start":{"line":47,"column":19},"end":{"line":47,"column":25}},"loc":{"start":{"line":47,"column":25},"end":{"line":47,"column":null}}},"9":{"name":"(anonymous_9)","decl":{"start":{"line":60,"column":23},"end":{"line":60,"column":29}},"loc":{"start":{"line":60,"column":29},"end":{"line":60,"column":null}}},"10":{"name":"(anonymous_10)","decl":{"start":{"line":70,"column":23},"end":{"line":70,"column":29}},"loc":{"start":{"line":70,"column":29},"end":{"line":70,"column":null}}},"11":{"name":"(anonymous_11)","decl":{"start":{"line":81,"column":25},"end":{"line":81,"column":31}},"loc":{"start":{"line":81,"column":31},"end":{"line":81,"column":null}}},"12":{"name":"(anonymous_12)","decl":{"start":{"line":93,"column":23},"end":{"line":93,"column":29}},"loc":{"start":{"line":93,"column":29},"end":{"line":93,"column":null}}},"13":{"name":"(anonymous_13)","decl":{"start":{"line":113,"column":31},"end":{"line":113,"column":37}},"loc":{"start":{"line":113,"column":37},"end":{"line":116,"column":null}}},"14":{"name":"(anonymous_14)","decl":{"start":{"line":123,"column":31},"end":{"line":123,"column":37}},"loc":{"start":{"line":123,"column":37},"end":{"line":130,"column":null}}},"15":{"name":"(anonymous_15)","decl":{"start":{"line":141,"column":29},"end":{"line":141,"column":35}},"loc":{"start":{"line":141,"column":35},"end":{"line":144,"column":null}}}},"branchMap":{"0":{"loc":{"start":{"line":20,"column":29},"end":{"line":20,"column":null}},"type":"cond-expr","locations":[{"start":{"line":20,"column":58},"end":{"line":20,"column":74}},{"start":{"line":20,"column":74},"end":{"line":20,"column":null}}]},"1":{"loc":{"start":{"line":25,"column":6},"end":{"line":27,"column":null}},"type":"if","locations":[{"start":{"line":25,"column":6},"end":{"line":27,"column":null}},{"start":{},"end":{}}]},"2":{"loc":{"start":{"line":25,"column":10},"end":{"line":25,"column":76}},"type":"binary-expr","locations":[{"start":{"line":25,"column":10},"end":{"line":25,"column":32}},{"start":{"line":25,"column":32},"end":{"line":25,"column":76}}]},"3":{"loc":{"start":{"line":64,"column":13},"end":{"line":64,"column":null}},"type":"binary-expr","locations":[{"start":{"line":64,"column":13},"end":{"line":64,"column":42}},{"start":{"line":64,"column":42},"end":{"line":64,"column":null}}]},"4":{"loc":{"start":{"line":74,"column":13},"end":{"line":74,"column":null}},"type":"binary-expr","locations":[{"start":{"line":74,"column":13},"end":{"line":74,"column":37}},{"start":{"line":74,"column":37},"end":{"line":74,"column":null}}]},"5":{"loc":{"start":{"line":79,"column":11},"end":{"line":86,"column":null}},"type":"binary-expr","locations":[{"start":{"line":79,"column":11},"end":{"line":79,"column":null}},{"start":{"line":80,"column":12},"end":{"line":86,"column":null}}]},"6":{"loc":{"start":{"line":101,"column":13},"end":{"line":150,"column":null}},"type":"binary-expr","locations":[{"start":{"line":101,"column":13},"end":{"line":101,"column":null}},{"start":{"line":102,"column":14},"end":{"line":150,"column":null}}]},"7":{"loc":{"start":{"line":104,"column":28},"end":{"line":104,"column":66}},"type":"cond-expr","locations":[{"start":{"line":104,"column":40},"end":{"line":104,"column":57}},{"start":{"line":104,"column":57},"end":{"line":104,"column":66}}]},"8":{"loc":{"start":{"line":104,"column":40},"end":{"line":104,"column":57}},"type":"binary-expr","locations":[{"start":{"line":104,"column":40},"end":{"line":104,"column":48}},{"start":{"line":104,"column":48},"end":{"line":104,"column":57}}]},"9":{"loc":{"start":{"line":105,"column":21},"end":{"line":105,"column":null}},"type":"cond-expr","locations":[{"start":{"line":105,"column":33},"end":{"line":105,"column":50}},{"start":{"line":105,"column":50},"end":{"line":105,"column":null}}]},"10":{"loc":{"start":{"line":105,"column":33},"end":{"line":105,"column":50}},"type":"binary-expr","locations":[{"start":{"line":105,"column":33},"end":{"line":105,"column":41}},{"start":{"line":105,"column":41},"end":{"line":105,"column":50}}]},"11":{"loc":{"start":{"line":109,"column":17},"end":{"line":135,"column":null}},"type":"binary-expr","locations":[{"start":{"line":109,"column":17},"end":{"line":109,"column":null}},{"start":{"line":110,"column":18},"end":{"line":135,"column":null}}]},"12":{"loc":{"start":{"line":138,"column":17},"end":{"line":148,"column":null}},"type":"binary-expr","locations":[{"start":{"line":138,"column":17},"end":{"line":138,"column":null}},{"start":{"line":139,"column":18},"end":{"line":148,"column":null}}]}},"s":{"0":1,"1":4,"2":4,"3":4,"4":4,"5":6,"6":4,"7":6,"8":4,"9":6,"10":4,"11":4,"12":4,"13":4,"14":8,"15":4,"16":1,"17":0,"18":0,"19":1,"20":1,"21":1,"22":4,"23":0,"24":0,"25":0,"26":0,"27":0,"28":0,"29":0,"30":0,"31":0,"32":0,"33":0,"34":0,"35":0,"36":0},"f":{"0":4,"1":6,"2":6,"3":6,"4":8,"5":1,"6":0,"7":1,"8":0,"9":0,"10":0,"11":0,"12":0,"13":0,"14":0,"15":0},"b":{"0":[0,8],"1":[0,0],"2":[0,0],"3":[4,0],"4":[4,0],"5":[4,0],"6":[4,0],"7":[0,0],"8":[0,0],"9":[0,0],"10":[0,0],"11":[0,0],"12":[0,0]}}
,"C:/Users/aman.o.srivastava/OneDrive - Impetus/Desktop/POC/project-root/shopping-cart/src/Components/NavigateButtons/NavigateButtons.jsx": {"path":"C:/Users/aman.o.srivastava/OneDrive - Impetus/Desktop/POC/project-root/shopping-cart/src/Components/NavigateButtons/NavigateButtons.jsx","statementMap":{"0":{"start":{"line":4,"column":24},"end":{"line":36,"column":null}},"1":{"start":{"line":5,"column":19},"end":{"line":5,"column":null}},"2":{"start":{"line":6,"column":15},"end":{"line":13,"column":null}},"3":{"start":{"line":16,"column":2},"end":{"line":34,"column":null}},"4":{"start":{"line":19,"column":21},"end":{"line":19,"column":null}},"5":{"start":{"line":20,"column":8},"end":{"line":31,"column":null}},"6":{"start":{"line":28,"column":27},"end":{"line":28,"column":null}},"7":{"start":{"line":38,"column":0},"end":{"line":40,"column":null}}},"fnMap":{"0":{"name":"(anonymous_0)","decl":{"start":{"line":4,"column":24},"end":{"line":4,"column":25}},"loc":{"start":{"line":4,"column":43},"end":{"line":36,"column":null}}},"1":{"name":"(anonymous_1)","decl":{"start":{"line":18,"column":16},"end":{"line":18,"column":17}},"loc":{"start":{"line":18,"column":25},"end":{"line":33,"column":7}}},"2":{"name":"(anonymous_2)","decl":{"start":{"line":28,"column":21},"end":{"line":28,"column":27}},"loc":{"start":{"line":28,"column":27},"end":{"line":28,"column":null}}}},"branchMap":{"0":{"loc":{"start":{"line":19,"column":21},"end":{"line":19,"column":null}},"type":"cond-expr","locations":[{"start":{"line":19,"column":51},"end":{"line":19,"column":57}},{"start":{"line":19,"column":57},"end":{"line":19,"column":null}}]},"1":{"loc":{"start":{"line":24,"column":14},"end":{"line":24,"column":null}},"type":"cond-expr","locations":[{"start":{"line":24,"column":39},"end":{"line":24,"column":82}},{"start":{"line":24,"column":82},"end":{"line":24,"column":null}}]}},"s":{"0":1,"1":3,"2":3,"3":3,"4":18,"5":18,"6":0,"7":1},"f":{"0":3,"1":18,"2":0},"b":{"0":[3,15],"1":[3,15]}}
,"C:/Users/aman.o.srivastava/OneDrive - Impetus/Desktop/POC/project-root/shopping-cart/src/Components/Orders/OrderHistory.jsx": {"path":"C:/Users/aman.o.srivastava/OneDrive - Impetus/Desktop/POC/project-root/shopping-cart/src/Components/Orders/OrderHistory.jsx","statementMap":{"0":{"start":{"line":5,"column":21},"end":{"line":61,"column":null}},"1":{"start":{"line":6,"column":30},"end":{"line":6,"column":null}},"2":{"start":{"line":7,"column":40},"end":{"line":7,"column":null}},"3":{"start":{"line":8,"column":24},"end":{"line":8,"column":null}},"4":{"start":{"line":9,"column":15},"end":{"line":9,"column":null}},"5":{"start":{"line":9,"column":38},"end":{"line":9,"column":53}},"6":{"start":{"line":11,"column":2},"end":{"line":15,"column":null}},"7":{"start":{"line":12,"column":4},"end":{"line":14,"column":null}},"8":{"start":{"line":13,"column":6},"end":{"line":13,"column":null}},"9":{"start":{"line":17,"column":22},"end":{"line":39,"column":null}},"10":{"start":{"line":18,"column":4},"end":{"line":38,"column":null}},"11":{"start":{"line":19,"column":23},"end":{"line":25,"column":null}},"12":{"start":{"line":27,"column":6},"end":{"line":35,"column":null}},"13":{"start":{"line":28,"column":21},"end":{"line":28,"column":null}},"14":{"start":{"line":29,"column":29},"end":{"line":31,"column":null}},"15":{"start":{"line":30,"column":20},"end":{"line":30,"column":null}},"16":{"start":{"line":32,"column":8},"end":{"line":32,"column":null}},"17":{"start":{"line":34,"column":8},"end":{"line":34,"column":null}},"18":{"start":{"line":37,"column":6},"end":{"line":37,"column":null}},"19":{"start":{"line":42,"column":27},"end":{"line":42,"column":null}},"20":{"start":{"line":43,"column":28},"end":{"line":43,"column":null}},"21":{"start":{"line":44,"column":24},"end":{"line":44,"column":null}},"22":{"start":{"line":45,"column":21},"end":{"line":45,"column":null}},"23":{"start":{"line":48,"column":19},"end":{"line":48,"column":null}},"24":{"start":{"line":48,"column":35},"end":{"line":48,"column":null}},"25":{"start":{"line":50,"column":2},"end":{"line":59,"column":null}}},"fnMap":{"0":{"name":"(anonymous_0)","decl":{"start":{"line":5,"column":21},"end":{"line":5,"column":27}},"loc":{"start":{"line":5,"column":27},"end":{"line":61,"column":null}}},"1":{"name":"(anonymous_1)","decl":{"start":{"line":9,"column":27},"end":{"line":9,"column":28}},"loc":{"start":{"line":9,"column":38},"end":{"line":9,"column":53}}},"2":{"name":"(anonymous_2)","decl":{"start":{"line":11,"column":12},"end":{"line":11,"column":18}},"loc":{"start":{"line":11,"column":18},"end":{"line":15,"column":5}}},"3":{"name":"(anonymous_3)","decl":{"start":{"line":17,"column":22},"end":{"line":17,"column":34}},"loc":{"start":{"line":17,"column":34},"end":{"line":39,"column":null}}},"4":{"name":"(anonymous_4)","decl":{"start":{"line":30,"column":10},"end":{"line":30,"column":11}},"loc":{"start":{"line":30,"column":20},"end":{"line":30,"column":null}}},"5":{"name":"(anonymous_5)","decl":{"start":{"line":48,"column":19},"end":{"line":48,"column":20}},"loc":{"start":{"line":48,"column":35},"end":{"line":48,"column":null}}}},"branchMap":{"0":{"loc":{"start":{"line":12,"column":4},"end":{"line":14,"column":null}},"type":"if","locations":[{"start":{"line":12,"column":4},"end":{"line":14,"column":null}},{"start":{},"end":{}}]},"1":{"loc":{"start":{"line":27,"column":6},"end":{"line":35,"column":null}},"type":"if","locations":[{"start":{"line":27,"column":6},"end":{"line":35,"column":null}},{"start":{"line":33,"column":13},"end":{"line":35,"column":null}}]}},"s":{"0":1,"1":0,"2":0,"3":0,"4":0,"5":0,"6":0,"7":0,"8":0,"9":0,"10":0,"11":0,"12":0,"13":0,"14":0,"15":0,"16":0,"17":0,"18":0,"19":0,"20":0,"21":0,"22":0,"23":0,"24":0,"25":0},"f":{"0":0,"1":0,"2":0,"3":0,"4":0,"5":0},"b":{"0":[0,0],"1":[0,0]}}
,"C:/Users/aman.o.srivastava/OneDrive - Impetus/Desktop/POC/project-root/shopping-cart/src/Components/Orders/OrderList.jsx": {"path":"C:/Users/aman.o.srivastava/OneDrive - Impetus/Desktop/POC/project-root/shopping-cart/src/Components/Orders/OrderList.jsx","statementMap":{"0":{"start":{"line":4,"column":18},"end":{"line":83,"column":null}},"1":{"start":{"line":5,"column":2},"end":{"line":81,"column":null}},"2":{"start":{"line":15,"column":16},"end":{"line":50,"column":null}},"3":{"start":{"line":42,"column":22},"end":{"line":44,"column":null}},"4":{"start":{"line":57,"column":73},"end":{"line":57,"column":78}},"5":{"start":{"line":59,"column":20},"end":{"line":69,"column":null}},"6":{"start":{"line":61,"column":37},"end":{"line":61,"column":null}},"7":{"start":{"line":85,"column":0},"end":{"line":111,"column":null}}},"fnMap":{"0":{"name":"(anonymous_0)","decl":{"start":{"line":4,"column":18},"end":{"line":4,"column":19}},"loc":{"start":{"line":4,"column":53},"end":{"line":83,"column":null}}},"1":{"name":"(anonymous_1)","decl":{"start":{"line":14,"column":26},"end":{"line":14,"column":27}},"loc":{"start":{"line":15,"column":16},"end":{"line":50,"column":null}}},"2":{"name":"(anonymous_2)","decl":{"start":{"line":41,"column":37},"end":{"line":41,"column":38}},"loc":{"start":{"line":42,"column":22},"end":{"line":44,"column":null}}},"3":{"name":"(anonymous_3)","decl":{"start":{"line":57,"column":63},"end":{"line":57,"column":64}},"loc":{"start":{"line":57,"column":73},"end":{"line":57,"column":78}}},"4":{"name":"(anonymous_4)","decl":{"start":{"line":58,"column":18},"end":{"line":58,"column":19}},"loc":{"start":{"line":59,"column":20},"end":{"line":69,"column":null}}},"5":{"name":"(anonymous_5)","decl":{"start":{"line":61,"column":31},"end":{"line":61,"column":37}},"loc":{"start":{"line":61,"column":37},"end":{"line":61,"column":null}}}},"branchMap":{"0":{"loc":{"start":{"line":11,"column":9},"end":{"line":78,"column":null}},"type":"cond-expr","locations":[{"start":{"line":12,"column":10},"end":{"line":74,"column":null}},{"start":{"line":76,"column":10},"end":{"line":78,"column":null}}]},"1":{"loc":{"start":{"line":55,"column":13},"end":{"line":72,"column":null}},"type":"binary-expr","locations":[{"start":{"line":55,"column":13},"end":{"line":55,"column":null}},{"start":{"line":56,"column":14},"end":{"line":72,"column":null}}]},"2":{"loc":{"start":{"line":63,"column":24},"end":{"line":65,"column":null}},"type":"cond-expr","locations":[{"start":{"line":64,"column":28},"end":{"line":64,"column":null}},{"start":{"line":65,"column":28},"end":{"line":65,"column":null}}]}},"s":{"0":1,"1":0,"2":0,"3":0,"4":0,"5":0,"6":0,"7":1},"f":{"0":0,"1":0,"2":0,"3":0,"4":0,"5":0},"b":{"0":[0,0],"1":[0,0],"2":[0,0]}}
,"C:/Users/aman.o.srivastava/OneDrive - Impetus/Desktop/POC/project-root/shopping-cart/src/Components/Orders/Orders.jsx": {"path":"C:/Users/aman.o.srivastava/OneDrive - Impetus/Desktop/POC/project-root/shopping-cart/src/Components/Orders/Orders.jsx","statementMap":{"0":{"start":{"line":4,"column":15},"end":{"line":8,"column":null}},"1":{"start":{"line":5,"column":17},"end":{"line":5,"column":null}},"2":{"start":{"line":5,"column":40},"end":{"line":5,"column":62}},"3":{"start":{"line":7,"column":2},"end":{"line":7,"column":null}}},"fnMap":{"0":{"name":"(anonymous_0)","decl":{"start":{"line":4,"column":15},"end":{"line":4,"column":21}},"loc":{"start":{"line":4,"column":21},"end":{"line":8,"column":null}}},"1":{"name":"(anonymous_1)","decl":{"start":{"line":5,"column":29},"end":{"line":5,"column":30}},"loc":{"start":{"line":5,"column":40},"end":{"line":5,"column":62}}}},"branchMap":{},"s":{"0":1,"1":0,"2":0,"3":0},"f":{"0":0,"1":0},"b":{}}
,"C:/Users/aman.o.srivastava/OneDrive - Impetus/Desktop/POC/project-root/shopping-cart/src/Components/ProductList/ProductList.jsx": {"path":"C:/Users/aman.o.srivastava/OneDrive - Impetus/Desktop/POC/project-root/shopping-cart/src/Components/ProductList/ProductList.jsx","statementMap":{"0":{"start":{"line":4,"column":20},"end":{"line":38,"column":null}},"1":{"start":{"line":5,"column":22},"end":{"line":5,"column":null}},"2":{"start":{"line":5,"column":45},"end":{"line":5,"column":78}},"3":{"start":{"line":6,"column":4},"end":{"line":35,"column":null}},"4":{"start":{"line":18,"column":28},"end":{"line":28,"column":null}}},"fnMap":{"0":{"name":"(anonymous_0)","decl":{"start":{"line":4,"column":20},"end":{"line":4,"column":26}},"loc":{"start":{"line":4,"column":26},"end":{"line":38,"column":null}}},"1":{"name":"(anonymous_1)","decl":{"start":{"line":5,"column":34},"end":{"line":5,"column":35}},"loc":{"start":{"line":5,"column":45},"end":{"line":5,"column":78}}},"2":{"name":"(anonymous_2)","decl":{"start":{"line":17,"column":28},"end":{"line":17,"column":29}},"loc":{"start":{"line":17,"column":41},"end":{"line":30,"column":25}}}},"branchMap":{"0":{"loc":{"start":{"line":13,"column":13},"end":{"line":33,"column":null}},"type":"cond-expr","locations":[{"start":{"line":14,"column":16},"end":{"line":31,"column":null}},{"start":{"line":33,"column":16},"end":{"line":33,"column":null}}]},"1":{"loc":{"start":{"line":13,"column":13},"end":{"line":13,"column":null}},"type":"binary-expr","locations":[{"start":{"line":13,"column":13},"end":{"line":13,"column":26}},{"start":{"line":13,"column":26},"end":{"line":13,"column":null}}]}},"s":{"0":1,"1":3,"2":5,"3":3,"4":22},"f":{"0":3,"1":5,"2":22},"b":{"0":[2,1],"1":[3,2]}}
,"C:/Users/aman.o.srivastava/OneDrive - Impetus/Desktop/POC/project-root/shopping-cart/src/Components/ProductList/ProductListItem.jsx": {"path":"C:/Users/aman.o.srivastava/OneDrive - Impetus/Desktop/POC/project-root/shopping-cart/src/Components/ProductList/ProductListItem.jsx","statementMap":{"0":{"start":{"line":4,"column":24},"end":{"line":16,"column":null}},"1":{"start":{"line":5,"column":2},"end":{"line":14,"column":null}},"2":{"start":{"line":18,"column":0},"end":{"line":25,"column":null}}},"fnMap":{"0":{"name":"(anonymous_0)","decl":{"start":{"line":4,"column":24},"end":{"line":4,"column":25}},"loc":{"start":{"line":4,"column":68},"end":{"line":16,"column":null}}}},"branchMap":{},"s":{"0":1,"1":13,"2":1},"f":{"0":13},"b":{}}
,"C:/Users/aman.o.srivastava/OneDrive - Impetus/Desktop/POC/project-root/shopping-cart/src/Components/Slider/Slider.jsx": {"path":"C:/Users/aman.o.srivastava/OneDrive - Impetus/Desktop/POC/project-root/shopping-cart/src/Components/Slider/Slider.jsx","statementMap":{"0":{"start":{"line":5,"column":15},"end":{"line":67,"column":null}},"1":{"start":{"line":6,"column":22},"end":{"line":6,"column":null}},"2":{"start":{"line":6,"column":45},"end":{"line":6,"column":63}},"3":{"start":{"line":7,"column":19},"end":{"line":7,"column":null}},"4":{"start":{"line":8,"column":2},"end":{"line":65,"column":null}},"5":{"start":{"line":23,"column":16},"end":{"line":34,"column":null}},"6":{"start":{"line":40,"column":16},"end":{"line":47,"column":null}},"7":{"start":{"line":45,"column":41},"end":{"line":45,"column":null}},"8":{"start":{"line":53,"column":28},"end":{"line":53,"column":null}},"9":{"start":{"line":59,"column":28},"end":{"line":59,"column":null}}},"fnMap":{"0":{"name":"(anonymous_0)","decl":{"start":{"line":5,"column":15},"end":{"line":5,"column":21}},"loc":{"start":{"line":5,"column":21},"end":{"line":67,"column":null}}},"1":{"name":"(anonymous_1)","decl":{"start":{"line":6,"column":34},"end":{"line":6,"column":35}},"loc":{"start":{"line":6,"column":45},"end":{"line":6,"column":63}}},"2":{"name":"(anonymous_2)","decl":{"start":{"line":22,"column":28},"end":{"line":22,"column":29}},"loc":{"start":{"line":22,"column":38},"end":{"line":36,"column":13}}},"3":{"name":"(anonymous_3)","decl":{"start":{"line":39,"column":28},"end":{"line":39,"column":29}},"loc":{"start":{"line":39,"column":44},"end":{"line":49,"column":13}}},"4":{"name":"(anonymous_4)","decl":{"start":{"line":45,"column":35},"end":{"line":45,"column":41}},"loc":{"start":{"line":45,"column":41},"end":{"line":45,"column":null}}},"5":{"name":"(anonymous_5)","decl":{"start":{"line":53,"column":22},"end":{"line":53,"column":28}},"loc":{"start":{"line":53,"column":28},"end":{"line":53,"column":null}}},"6":{"name":"(anonymous_6)","decl":{"start":{"line":59,"column":22},"end":{"line":59,"column":28}},"loc":{"start":{"line":59,"column":28},"end":{"line":59,"column":null}}}},"branchMap":{"0":{"loc":{"start":{"line":25,"column":31},"end":{"line":26,"column":null}},"type":"cond-expr","locations":[{"start":{"line":26,"column":24},"end":{"line":26,"column":75}},{"start":{"line":26,"column":75},"end":{"line":26,"column":null}}]},"1":{"loc":{"start":{"line":30,"column":29},"end":{"line":31,"column":null}},"type":"binary-expr","locations":[{"start":{"line":30,"column":29},"end":{"line":30,"column":null}},{"start":{"line":31,"column":32},"end":{"line":31,"column":null}}]},"2":{"loc":{"start":{"line":43,"column":28},"end":{"line":44,"column":null}},"type":"cond-expr","locations":[{"start":{"line":43,"column":52},"end":{"line":43,"column":null}},{"start":{"line":44,"column":28},"end":{"line":44,"column":null}}]}},"s":{"0":1,"1":3,"2":5,"3":3,"4":3,"5":12,"6":12,"7":0,"8":0,"9":0},"f":{"0":3,"1":5,"2":12,"3":12,"4":0,"5":0,"6":0},"b":{"0":[3,9],"1":[12,3],"2":[3,9]}}
,"C:/Users/aman.o.srivastava/OneDrive - Impetus/Desktop/POC/project-root/shopping-cart/src/Components/WishList/WishList.jsx": {"path":"C:/Users/aman.o.srivastava/OneDrive - Impetus/Desktop/POC/project-root/shopping-cart/src/Components/WishList/WishList.jsx","statementMap":{"0":{"start":{"line":3,"column":17},"end":{"line":5,"column":null}},"1":{"start":{"line":4,"column":2},"end":{"line":4,"column":null}}},"fnMap":{"0":{"name":"(anonymous_0)","decl":{"start":{"line":3,"column":17},"end":{"line":3,"column":23}},"loc":{"start":{"line":3,"column":23},"end":{"line":5,"column":null}}}},"branchMap":{},"s":{"0":1,"1":0},"f":{"0":0},"b":{}}
,"C:/Users/aman.o.srivastava/OneDrive - Impetus/Desktop/POC/project-root/shopping-cart/src/CustomHook/FetchData.jsx": {"path":"C:/Users/aman.o.srivastava/OneDrive - Impetus/Desktop/POC/project-root/shopping-cart/src/CustomHook/FetchData.jsx","statementMap":{"0":{"start":{"line":3,"column":17},"end":{"line":25,"column":null}},"1":{"start":{"line":4,"column":26},"end":{"line":4,"column":null}},"2":{"start":{"line":5,"column":28},"end":{"line":5,"column":null}},"3":{"start":{"line":7,"column":20},"end":{"line":18,"column":null}},"4":{"start":{"line":8,"column":4},"end":{"line":17,"column":null}},"5":{"start":{"line":9,"column":23},"end":{"line":9,"column":null}},"6":{"start":{"line":10,"column":6},"end":{"line":12,"column":null}},"7":{"start":{"line":11,"column":8},"end":{"line":11,"column":null}},"8":{"start":{"line":13,"column":21},"end":{"line":13,"column":null}},"9":{"start":{"line":14,"column":6},"end":{"line":14,"column":null}},"10":{"start":{"line":16,"column":6},"end":{"line":16,"column":null}},"11":{"start":{"line":20,"column":2},"end":{"line":22,"column":null}},"12":{"start":{"line":21,"column":4},"end":{"line":21,"column":null}},"13":{"start":{"line":24,"column":2},"end":{"line":24,"column":null}}},"fnMap":{"0":{"name":"(anonymous_0)","decl":{"start":{"line":3,"column":17},"end":{"line":3,"column":18}},"loc":{"start":{"line":3,"column":35},"end":{"line":25,"column":null}}},"1":{"name":"(anonymous_1)","decl":{"start":{"line":7,"column":32},"end":{"line":7,"column":44}},"loc":{"start":{"line":7,"column":44},"end":{"line":18,"column":5}}},"2":{"name":"(anonymous_2)","decl":{"start":{"line":20,"column":12},"end":{"line":20,"column":18}},"loc":{"start":{"line":20,"column":18},"end":{"line":22,"column":5}}}},"branchMap":{"0":{"loc":{"start":{"line":10,"column":6},"end":{"line":12,"column":null}},"type":"if","locations":[{"start":{"line":10,"column":6},"end":{"line":12,"column":null}},{"start":{},"end":{}}]}},"s":{"0":0,"1":0,"2":0,"3":0,"4":0,"5":0,"6":0,"7":0,"8":0,"9":0,"10":0,"11":0,"12":0,"13":0},"f":{"0":0,"1":0,"2":0},"b":{"0":[0,0]}}
,"C:/Users/aman.o.srivastava/OneDrive - Impetus/Desktop/POC/project-root/shopping-cart/src/app/Store.jsx": {"path":"C:/Users/aman.o.srivastava/OneDrive - Impetus/Desktop/POC/project-root/shopping-cart/src/app/Store.jsx","statementMap":{"0":{"start":{"line":8,"column":21},"end":{"line":16,"column":null}}},"fnMap":{},"branchMap":{},"s":{"0":1},"f":{},"b":{}}
,"C:/Users/aman.o.srivastava/OneDrive - Impetus/Desktop/POC/project-root/shopping-cart/src/assets/data/dummyData.jsx": {"path":"C:/Users/aman.o.srivastava/OneDrive - Impetus/Desktop/POC/project-root/shopping-cart/src/assets/data/dummyData.jsx","statementMap":{"0":{"start":{"line":46,"column":26},"end":{"line":67,"column":null}},"1":{"start":{"line":69,"column":25},"end":{"line":512,"column":null}}},"fnMap":{},"branchMap":{},"s":{"0":2,"1":2},"f":{},"b":{}}
,"C:/Users/aman.o.srivastava/OneDrive - Impetus/Desktop/POC/project-root/shopping-cart/src/features/slices/authSlice.jsx": {"path":"C:/Users/aman.o.srivastava/OneDrive - Impetus/Desktop/POC/project-root/shopping-cart/src/features/slices/authSlice.jsx","statementMap":{"0":{"start":{"line":3,"column":25},"end":{"line":47,"column":null}},"1":{"start":{"line":15,"column":39},"end":{"line":15,"column":null}},"2":{"start":{"line":17,"column":36},"end":{"line":17,"column":null}},"3":{"start":{"line":18,"column":39},"end":{"line":18,"column":null}},"4":{"start":{"line":19,"column":39},"end":{"line":19,"column":null}},"5":{"start":{"line":21,"column":12},"end":{"line":33,"column":null}},"6":{"start":{"line":22,"column":16},"end":{"line":22,"column":null}},"7":{"start":{"line":24,"column":31},"end":{"line":24,"column":null}},"8":{"start":{"line":25,"column":16},"end":{"line":30,"column":null}},"9":{"start":{"line":31,"column":16},"end":{"line":31,"column":null}},"10":{"start":{"line":32,"column":16},"end":{"line":32,"column":null}},"11":{"start":{"line":36,"column":36},"end":{"line":36,"column":null}},"12":{"start":{"line":37,"column":27},"end":{"line":37,"column":null}},"13":{"start":{"line":38,"column":12},"end":{"line":38,"column":null}},"14":{"start":{"line":39,"column":12},"end":{"line":39,"column":null}},"15":{"start":{"line":40,"column":12},"end":{"line":40,"column":null}},"16":{"start":{"line":43,"column":12},"end":{"line":43,"column":null}},"17":{"start":{"line":44,"column":12},"end":{"line":44,"column":null}},"18":{"start":{"line":49,"column":46},"end":{"line":49,"column":null}}},"fnMap":{"0":{"name":"(anonymous_0)","decl":{"start":{"line":14,"column":8},"end":{"line":14,"column":14}},"loc":{"start":{"line":14,"column":29},"end":{"line":34,"column":null}}},"1":{"name":"(anonymous_1)","decl":{"start":{"line":35,"column":8},"end":{"line":35,"column":20}},"loc":{"start":{"line":35,"column":35},"end":{"line":41,"column":null}}},"2":{"name":"(anonymous_2)","decl":{"start":{"line":42,"column":8},"end":{"line":42,"column":15}},"loc":{"start":{"line":42,"column":22},"end":{"line":45,"column":null}}}},"branchMap":{"0":{"loc":{"start":{"line":6,"column":14},"end":{"line":11,"column":null}},"type":"binary-expr","locations":[{"start":{"line":6,"column":14},"end":{"line":6,"column":64}},{"start":{"line":6,"column":64},"end":{"line":11,"column":null}}]},"1":{"loc":{"start":{"line":21,"column":12},"end":{"line":33,"column":null}},"type":"if","locations":[{"start":{"line":21,"column":12},"end":{"line":33,"column":null}},{"start":{"line":23,"column":19},"end":{"line":33,"column":null}}]},"2":{"loc":{"start":{"line":21,"column":17},"end":{"line":21,"column":82}},"type":"binary-expr","locations":[{"start":{"line":21,"column":17},"end":{"line":21,"column":37}},{"start":{"line":21,"column":37},"end":{"line":21,"column":61}},{"start":{"line":21,"column":61},"end":{"line":21,"column":82}}]},"3":{"loc":{"start":{"line":26,"column":26},"end":{"line":26,"column":null}},"type":"cond-expr","locations":[{"start":{"line":26,"column":44},"end":{"line":26,"column":49}},{"start":{"line":26,"column":49},"end":{"line":26,"column":null}}]},"4":{"loc":{"start":{"line":27,"column":27},"end":{"line":27,"column":null}},"type":"cond-expr","locations":[{"start":{"line":27,"column":45},"end":{"line":27,"column":52}},{"start":{"line":27,"column":52},"end":{"line":27,"column":null}}]}},"s":{"0":2,"1":2,"2":2,"3":2,"4":2,"5":2,"6":1,"7":1,"8":1,"9":1,"10":1,"11":1,"12":1,"13":1,"14":1,"15":1,"16":1,"17":1,"18":2},"f":{"0":2,"1":1,"2":1},"b":{"0":[2,2],"1":[1,1],"2":[2,2,1],"3":[0,1],"4":[0,1]}}
,"C:/Users/aman.o.srivastava/OneDrive - Impetus/Desktop/POC/project-root/shopping-cart/src/features/slices/cartSlice.jsx": {"path":"C:/Users/aman.o.srivastava/OneDrive - Impetus/Desktop/POC/project-root/shopping-cart/src/features/slices/cartSlice.jsx","statementMap":{"0":{"start":{"line":3,"column":25},"end":{"line":84,"column":null}},"1":{"start":{"line":14,"column":28},"end":{"line":14,"column":null}},"2":{"start":{"line":15,"column":10},"end":{"line":32,"column":null}},"3":{"start":{"line":16,"column":26},"end":{"line":19,"column":null}},"4":{"start":{"line":18,"column":16},"end":{"line":18,"column":null}},"5":{"start":{"line":20,"column":12},"end":{"line":29,"column":null}},"6":{"start":{"line":21,"column":14},"end":{"line":21,"column":null}},"7":{"start":{"line":22,"column":14},"end":{"line":22,"column":null}},"8":{"start":{"line":23,"column":14},"end":{"line":23,"column":null}},"9":{"start":{"line":24,"column":14},"end":{"line":24,"column":null}},"10":{"start":{"line":26,"column":14},"end":{"line":26,"column":null}},"11":{"start":{"line":27,"column":14},"end":{"line":27,"column":null}},"12":{"start":{"line":28,"column":14},"end":{"line":28,"column":null}},"13":{"start":{"line":31,"column":14},"end":{"line":31,"column":null}},"14":{"start":{"line":35,"column":8},"end":{"line":42,"column":null}},"15":{"start":{"line":36,"column":28},"end":{"line":36,"column":null}},"16":{"start":{"line":37,"column":10},"end":{"line":37,"column":null}},"17":{"start":{"line":37,"column":54},"end":{"line":37,"column":81}},"18":{"start":{"line":38,"column":10},"end":{"line":38,"column":null}},"19":{"start":{"line":39,"column":10},"end":{"line":39,"column":null}},"20":{"start":{"line":41,"column":12},"end":{"line":41,"column":null}},"21":{"start":{"line":45,"column":29},"end":{"line":45,"column":null}},"22":{"start":{"line":46,"column":22},"end":{"line":46,"column":null}},"23":{"start":{"line":46,"column":51},"end":{"line":46,"column":68}},"24":{"start":{"line":47,"column":8},"end":{"line":59,"column":null}},"25":{"start":{"line":48,"column":12},"end":{"line":58,"column":null}},"26":{"start":{"line":49,"column":16},"end":{"line":49,"column":null}},"27":{"start":{"line":50,"column":16},"end":{"line":50,"column":null}},"28":{"start":{"line":51,"column":16},"end":{"line":51,"column":null}},"29":{"start":{"line":52,"column":16},"end":{"line":52,"column":null}},"30":{"start":{"line":53,"column":12},"end":{"line":58,"column":null}},"31":{"start":{"line":54,"column":16},"end":{"line":54,"column":null}},"32":{"start":{"line":55,"column":16},"end":{"line":55,"column":null}},"33":{"start":{"line":56,"column":16},"end":{"line":56,"column":null}},"34":{"start":{"line":57,"column":16},"end":{"line":57,"column":null}},"35":{"start":{"line":62,"column":26},"end":{"line":62,"column":null}},"36":{"start":{"line":63,"column":22},"end":{"line":63,"column":null}},"37":{"start":{"line":63,"column":55},"end":{"line":63,"column":82}},"38":{"start":{"line":64,"column":8},"end":{"line":67,"column":null}},"39":{"start":{"line":65,"column":12},"end":{"line":65,"column":null}},"40":{"start":{"line":66,"column":12},"end":{"line":66,"column":null}},"41":{"start":{"line":70,"column":26},"end":{"line":70,"column":null}},"42":{"start":{"line":71,"column":8},"end":{"line":71,"column":null}},"43":{"start":{"line":71,"column":60},"end":{"line":71,"column":87}},"44":{"start":{"line":72,"column":8},"end":{"line":72,"column":null}},"45":{"start":{"line":75,"column":8},"end":{"line":75,"column":null}},"46":{"start":{"line":76,"column":8},"end":{"line":76,"column":null}},"47":{"start":{"line":77,"column":8},"end":{"line":77,"column":null}},"48":{"start":{"line":80,"column":8},"end":{"line":80,"column":null}},"49":{"start":{"line":81,"column":8},"end":{"line":81,"column":null}},"50":{"start":{"line":86,"column":129},"end":{"line":86,"column":null}}},"fnMap":{"0":{"name":"(anonymous_0)","decl":{"start":{"line":13,"column":6},"end":{"line":13,"column":16}},"loc":{"start":{"line":13,"column":31},"end":{"line":33,"column":null}}},"1":{"name":"(anonymous_1)","decl":{"start":{"line":17,"column":14},"end":{"line":17,"column":15}},"loc":{"start":{"line":18,"column":16},"end":{"line":18,"column":null}}},"2":{"name":"(anonymous_2)","decl":{"start":{"line":34,"column":6},"end":{"line":34,"column":28}},"loc":{"start":{"line":34,"column":43},"end":{"line":43,"column":null}}},"3":{"name":"(anonymous_3)","decl":{"start":{"line":37,"column":41},"end":{"line":37,"column":42}},"loc":{"start":{"line":37,"column":54},"end":{"line":37,"column":81}}},"4":{"name":"(anonymous_4)","decl":{"start":{"line":44,"column":6},"end":{"line":44,"column":21}},"loc":{"start":{"line":44,"column":36},"end":{"line":60,"column":null}}},"5":{"name":"(anonymous_5)","decl":{"start":{"line":46,"column":38},"end":{"line":46,"column":39}},"loc":{"start":{"line":46,"column":51},"end":{"line":46,"column":68}}},"6":{"name":"(anonymous_6)","decl":{"start":{"line":61,"column":6},"end":{"line":61,"column":20}},"loc":{"start":{"line":61,"column":35},"end":{"line":68,"column":null}}},"7":{"name":"(anonymous_7)","decl":{"start":{"line":63,"column":42},"end":{"line":63,"column":43}},"loc":{"start":{"line":63,"column":55},"end":{"line":63,"column":82}}},"8":{"name":"(anonymous_8)","decl":{"start":{"line":69,"column":6},"end":{"line":69,"column":25}},"loc":{"start":{"line":69,"column":40},"end":{"line":73,"column":null}}},"9":{"name":"(anonymous_9)","decl":{"start":{"line":71,"column":47},"end":{"line":71,"column":48}},"loc":{"start":{"line":71,"column":60},"end":{"line":71,"column":87}}},"10":{"name":"(anonymous_10)","decl":{"start":{"line":74,"column":6},"end":{"line":74,"column":16}},"loc":{"start":{"line":74,"column":23},"end":{"line":78,"column":null}}},"11":{"name":"(anonymous_11)","decl":{"start":{"line":79,"column":6},"end":{"line":79,"column":20}},"loc":{"start":{"line":79,"column":27},"end":{"line":82,"column":null}}}},"branchMap":{"0":{"loc":{"start":{"line":20,"column":12},"end":{"line":29,"column":null}},"type":"if","locations":[{"start":{"line":20,"column":12},"end":{"line":29,"column":null}},{"start":{"line":25,"column":19},"end":{"line":29,"column":null}}]},"1":{"loc":{"start":{"line":47,"column":8},"end":{"line":59,"column":null}},"type":"if","locations":[{"start":{"line":47,"column":8},"end":{"line":59,"column":null}},{"start":{},"end":{}}]},"2":{"loc":{"start":{"line":48,"column":12},"end":{"line":58,"column":null}},"type":"if","locations":[{"start":{"line":48,"column":12},"end":{"line":58,"column":null}},{"start":{"line":53,"column":12},"end":{"line":58,"column":null}}]},"3":{"loc":{"start":{"line":53,"column":12},"end":{"line":58,"column":null}},"type":"if","locations":[{"start":{"line":53,"column":12},"end":{"line":58,"column":null}},{"start":{},"end":{}}]},"4":{"loc":{"start":{"line":53,"column":23},"end":{"line":53,"column":66}},"type":"binary-expr","locations":[{"start":{"line":53,"column":23},"end":{"line":53,"column":46}},{"start":{"line":53,"column":46},"end":{"line":53,"column":66}}]},"5":{"loc":{"start":{"line":64,"column":8},"end":{"line":67,"column":null}},"type":"if","locations":[{"start":{"line":64,"column":8},"end":{"line":67,"column":null}},{"start":{},"end":{}}]}},"s":{"0":3,"1":1,"2":1,"3":1,"4":0,"5":1,"6":0,"7":0,"8":0,"9":0,"10":1,"11":1,"12":1,"13":0,"14":1,"15":1,"16":1,"17":1,"18":1,"19":1,"20":0,"21":1,"22":1,"23":1,"24":1,"25":1,"26":1,"27":1,"28":1,"29":1,"30":0,"31":0,"32":0,"33":0,"34":0,"35":1,"36":1,"37":0,"38":1,"39":1,"40":1,"41":1,"42":1,"43":1,"44":1,"45":0,"46":0,"47":0,"48":0,"49":0,"50":3},"f":{"0":1,"1":0,"2":1,"3":1,"4":1,"5":1,"6":1,"7":0,"8":1,"9":1,"10":0,"11":0},"b":{"0":[0,1],"1":[1,0],"2":[1,0],"3":[0,0],"4":[0,0],"5":[1,0]}}
,"C:/Users/aman.o.srivastava/OneDrive - Impetus/Desktop/POC/project-root/shopping-cart/src/features/slices/orderSlice.jsx": {"path":"C:/Users/aman.o.srivastava/OneDrive - Impetus/Desktop/POC/project-root/shopping-cart/src/features/slices/orderSlice.jsx","statementMap":{"0":{"start":{"line":3,"column":26},"end":{"line":13,"column":null}},"1":{"start":{"line":10,"column":6},"end":{"line":10,"column":null}},"2":{"start":{"line":15,"column":28},"end":{"line":15,"column":null}}},"fnMap":{"0":{"name":"(anonymous_0)","decl":{"start":{"line":9,"column":4},"end":{"line":9,"column":13}},"loc":{"start":{"line":9,"column":28},"end":{"line":11,"column":null}}}},"branchMap":{},"s":{"0":2,"1":2,"2":2},"f":{"0":2},"b":{}}
,"C:/Users/aman.o.srivastava/OneDrive - Impetus/Desktop/POC/project-root/shopping-cart/src/features/slices/productsSlice.jsx": {"path":"C:/Users/aman.o.srivastava/OneDrive - Impetus/Desktop/POC/project-root/shopping-cart/src/features/slices/productsSlice.jsx","statementMap":{"0":{"start":{"line":3,"column":29},"end":{"line":28,"column":null}},"1":{"start":{"line":13,"column":12},"end":{"line":13,"column":null}},"2":{"start":{"line":17,"column":12},"end":{"line":17,"column":null}},"3":{"start":{"line":21,"column":12},"end":{"line":21,"column":null}},"4":{"start":{"line":24,"column":12},"end":{"line":24,"column":null}},"5":{"start":{"line":30,"column":71},"end":{"line":30,"column":null}}},"fnMap":{"0":{"name":"(anonymous_0)","decl":{"start":{"line":12,"column":8},"end":{"line":12,"column":20}},"loc":{"start":{"line":12,"column":35},"end":{"line":14,"column":null}}},"1":{"name":"(anonymous_1)","decl":{"start":{"line":16,"column":8},"end":{"line":16,"column":22}},"loc":{"start":{"line":16,"column":37},"end":{"line":18,"column":null}}},"2":{"name":"(anonymous_2)","decl":{"start":{"line":20,"column":8},"end":{"line":20,"column":22}},"loc":{"start":{"line":20,"column":37},"end":{"line":22,"column":null}}},"3":{"name":"(anonymous_3)","decl":{"start":{"line":23,"column":8},"end":{"line":23,"column":17}},"loc":{"start":{"line":23,"column":32},"end":{"line":25,"column":null}}}},"branchMap":{},"s":{"0":3,"1":3,"2":1,"3":1,"4":3,"5":3},"f":{"0":3,"1":1,"2":1,"3":3},"b":{}}
,"C:/Users/aman.o.srivastava/OneDrive - Impetus/Desktop/POC/project-root/shopping-cart/src/features/slices/sliderSlice.jsx": {"path":"C:/Users/aman.o.srivastava/OneDrive - Impetus/Desktop/POC/project-root/shopping-cart/src/features/slices/sliderSlice.jsx","statementMap":{"0":{"start":{"line":4,"column":27},"end":{"line":22,"column":null}},"1":{"start":{"line":12,"column":12},"end":{"line":12,"column":null}},"2":{"start":{"line":15,"column":12},"end":{"line":15,"column":null}},"3":{"start":{"line":18,"column":26},"end":{"line":18,"column":null}},"4":{"start":{"line":19,"column":12},"end":{"line":19,"column":null}},"5":{"start":{"line":25,"column":50},"end":{"line":25,"column":null}}},"fnMap":{"0":{"name":"(anonymous_0)","decl":{"start":{"line":11,"column":8},"end":{"line":11,"column":18}},"loc":{"start":{"line":11,"column":33},"end":{"line":13,"column":null}}},"1":{"name":"(anonymous_1)","decl":{"start":{"line":14,"column":8},"end":{"line":14,"column":18}},"loc":{"start":{"line":14,"column":33},"end":{"line":16,"column":null}}},"2":{"name":"(anonymous_2)","decl":{"start":{"line":17,"column":8},"end":{"line":17,"column":17}},"loc":{"start":{"line":17,"column":32},"end":{"line":20,"column":null}}}},"branchMap":{"0":{"loc":{"start":{"line":12,"column":26},"end":{"line":12,"column":null}},"type":"cond-expr","locations":[{"start":{"line":12,"column":62},"end":{"line":12,"column":66}},{"start":{"line":12,"column":66},"end":{"line":12,"column":null}}]},"1":{"loc":{"start":{"line":15,"column":26},"end":{"line":15,"column":null}},"type":"cond-expr","locations":[{"start":{"line":15,"column":47},"end":{"line":15,"column":66}},{"start":{"line":15,"column":66},"end":{"line":15,"column":null}}]}},"s":{"0":2,"1":2,"2":2,"3":1,"4":1,"5":2},"f":{"0":2,"1":2,"2":1},"b":{"0":[1,1],"1":[1,1]}}
}
